 [DateTime: Mon Jan 31 22:55:51 2022 ]  [Type: Info    ]  [Line: 34 ]  [Function: crawler ]  [Thread Id: 140203812841280 ]  [File: /home/behnam/Desktop/crawler/v1.0/fs_crawler_v1.0/functions.cpp ]  [MSG: crawling has been started! ] 
 [DateTime: Mon Jan 31 22:55:51 2022 ]  [Type: Info    ]  [Line: 73 ]  [Function: crawler ]  [Thread Id: 140203812841280 ]  [File: /home/behnam/Desktop/crawler/v1.0/fs_crawler_v1.0/functions.cpp ]  [MSG: File detected :hard drive - The place to store user data in Linux - Super User.html ] 
 [DateTime: Mon Jan 31 22:55:51 2022 ]  [Type: Info    ]  [Line: 73 ]  [Function: crawler ]  [Thread Id: 140203812841280 ]  [File: /home/behnam/Desktop/crawler/v1.0/fs_crawler_v1.0/functions.cpp ]  [MSG: File detected :COVID-19-geographic-disbtribution-worldwide.xlsx ] 
 [DateTime: Mon Jan 31 22:55:51 2022 ]  [Type: Info    ]  [Line: 73 ]  [Function: crawler ]  [Thread Id: 140203812841280 ]  [File: /home/behnam/Desktop/crawler/v1.0/fs_crawler_v1.0/functions.cpp ]  [MSG: File detected :CMakeLists.txt ] 
 [DateTime: Mon Jan 31 22:55:51 2022 ]  [Type: Info    ]  [Line: 73 ]  [Function: crawler ]  [Thread Id: 140203812841280 ]  [File: /home/behnam/Desktop/crawler/v1.0/fs_crawler_v1.0/functions.cpp ]  [MSG: File detected :.gitignore ] 
 [DateTime: Mon Jan 31 22:55:51 2022 ]  [Type: Info    ]  [Line: 73 ]  [Function: crawler ]  [Thread Id: 140203812841280 ]  [File: /home/behnam/Desktop/crawler/v1.0/fs_crawler_v1.0/functions.cpp ]  [MSG: File detected :bslogger_examples.cpp ] 
 [DateTime: Mon Jan 31 22:55:51 2022 ]  [Type: Info    ]  [Line: 73 ]  [Function: crawler ]  [Thread Id: 140203812841280 ]  [File: /home/behnam/Desktop/crawler/v1.0/fs_crawler_v1.0/functions.cpp ]  [MSG: File detected :BSlogger.hpp ] 
 [DateTime: Mon Jan 31 22:55:51 2022 ]  [Type: Info    ]  [Line: 73 ]  [Function: crawler ]  [Thread Id: 140203812841280 ]  [File: /home/behnam/Desktop/crawler/v1.0/fs_crawler_v1.0/functions.cpp ]  [MSG: File detected :README.md ] 
 [DateTime: Mon Jan 31 22:55:51 2022 ]  [Type: Info    ]  [Line: 73 ]  [Function: crawler ]  [Thread Id: 140203812841280 ]  [File: /home/behnam/Desktop/crawler/v1.0/fs_crawler_v1.0/functions.cpp ]  [MSG: File detected :php5.dll ] 
 [DateTime: Mon Jan 31 22:55:51 2022 ]  [Type: Info    ]  [Line: 73 ]  [Function: crawler ]  [Thread Id: 140203812841280 ]  [File: /home/behnam/Desktop/crawler/v1.0/fs_crawler_v1.0/functions.cpp ]  [MSG: File detected :phpdop.phpr ] 
 [DateTime: Mon Jan 31 22:55:51 2022 ]  [Type: Info    ]  [Line: 73 ]  [Function: crawler ]  [Thread Id: 140203812841280 ]  [File: /home/behnam/Desktop/crawler/v1.0/fs_crawler_v1.0/functions.cpp ]  [MSG: File detected :Readme.txt ] 
 [DateTime: Mon Jan 31 22:55:51 2022 ]  [Type: Info    ]  [Line: 73 ]  [Function: crawler ]  [Thread Id: 140203812841280 ]  [File: /home/behnam/Desktop/crawler/v1.0/fs_crawler_v1.0/functions.cpp ]  [MSG: File detected :php.ini ] 
 [DateTime: Mon Jan 31 22:55:51 2022 ]  [Type: Info    ]  [Line: 73 ]  [Function: crawler ]  [Thread Id: 140203812841280 ]  [File: /home/behnam/Desktop/crawler/v1.0/fs_crawler_v1.0/functions.cpp ]  [MSG: File detected :libeay32.dll ] 
 [DateTime: Mon Jan 31 22:55:51 2022 ]  [Type: Info    ]  [Line: 73 ]  [Function: crawler ]  [Thread Id: 140203812841280 ]  [File: /home/behnam/Desktop/crawler/v1.0/fs_crawler_v1.0/functions.cpp ]  [MSG: File detected :php.exe ] 
 [DateTime: Mon Jan 31 22:55:51 2022 ]  [Type: Info    ]  [Line: 73 ]  [Function: crawler ]  [Thread Id: 140203812841280 ]  [File: /home/behnam/Desktop/crawler/v1.0/fs_crawler_v1.0/functions.cpp ]  [MSG: File detected :php_opcache.dll ] 
 [DateTime: Mon Jan 31 22:55:51 2022 ]  [Type: Info    ]  [Line: 73 ]  [Function: crawler ]  [Thread Id: 140203812841280 ]  [File: /home/behnam/Desktop/crawler/v1.0/fs_crawler_v1.0/functions.cpp ]  [MSG: File detected :php_xcache.dll ] 
 [DateTime: Mon Jan 31 22:55:51 2022 ]  [Type: Info    ]  [Line: 73 ]  [Function: crawler ]  [Thread Id: 140203812841280 ]  [File: /home/behnam/Desktop/crawler/v1.0/fs_crawler_v1.0/functions.cpp ]  [MSG: File detected :ZendLoader.dll ] 
 [DateTime: Mon Jan 31 22:55:51 2022 ]  [Type: Info    ]  [Line: 73 ]  [Function: crawler ]  [Thread Id: 140203812841280 ]  [File: /home/behnam/Desktop/crawler/v1.0/fs_crawler_v1.0/functions.cpp ]  [MSG: File detected :Decompiler.class.php ] 
 [DateTime: Mon Jan 31 22:55:51 2022 ]  [Type: Info    ]  [Line: 73 ]  [Function: crawler ]  [Thread Id: 140203812841280 ]  [File: /home/behnam/Desktop/crawler/v1.0/fs_crawler_v1.0/functions.cpp ]  [MSG: File detected :CMD_LINE.bat ] 
 [DateTime: Mon Jan 31 22:55:51 2022 ]  [Type: Info    ]  [Line: 73 ]  [Function: crawler ]  [Thread Id: 140203812841280 ]  [File: /home/behnam/Desktop/crawler/v1.0/fs_crawler_v1.0/functions.cpp ]  [MSG: File detected :phpdc.phpr ] 
 [DateTime: Mon Jan 31 22:55:51 2022 ]  [Type: Info    ]  [Line: 73 ]  [Function: crawler ]  [Thread Id: 140203812841280 ]  [File: /home/behnam/Desktop/crawler/v1.0/fs_crawler_v1.0/functions.cpp ]  [MSG: File detected :FD.php ] 
 [DateTime: Mon Jan 31 22:55:51 2022 ]  [Type: Info    ]  [Line: 73 ]  [Function: crawler ]  [Thread Id: 140203812841280 ]  [File: /home/behnam/Desktop/crawler/v1.0/fs_crawler_v1.0/functions.cpp ]  [MSG: File detected :Import data - Getting Started.html ] 
 [DateTime: Mon Jan 31 22:55:51 2022 ]  [Type: Info    ]  [Line: 73 ]  [Function: crawler ]  [Thread Id: 140203812841280 ]  [File: /home/behnam/Desktop/crawler/v1.0/fs_crawler_v1.0/functions.cpp ]  [MSG: File detected :This Thread_ Using recursive_directory_iterator.html ] 
 [DateTime: Mon Jan 31 22:55:51 2022 ]  [Type: Info    ]  [Line: 73 ]  [Function: crawler ]  [Thread Id: 140203812841280 ]  [File: /home/behnam/Desktop/crawler/v1.0/fs_crawler_v1.0/functions.cpp ]  [MSG: File detected :decode-Zend-Guard-php-5.6-master.zip ] 
 [DateTime: Mon Jan 31 22:55:51 2022 ]  [Type: Info    ]  [Line: 73 ]  [Function: crawler ]  [Thread Id: 140203812841280 ]  [File: /home/behnam/Desktop/crawler/v1.0/fs_crawler_v1.0/functions.cpp ]  [MSG: File detected :jdk-17_linux-x64_bin.deb ] 
 [DateTime: Mon Jan 31 22:55:51 2022 ]  [Type: Info    ]  [Line: 73 ]  [Function: crawler ]  [Thread Id: 140203812841280 ]  [File: /home/behnam/Desktop/crawler/v1.0/fs_crawler_v1.0/functions.cpp ]  [MSG: File detected :jsoncpp-master.zip ] 
 [DateTime: Mon Jan 31 22:55:51 2022 ]  [Type: Info    ]  [Line: 73 ]  [Function: crawler ]  [Thread Id: 140203812841280 ]  [File: /home/behnam/Desktop/crawler/v1.0/fs_crawler_v1.0/functions.cpp ]  [MSG: File detected :BSlogger-master.zip ] 
 [DateTime: Mon Jan 31 22:55:51 2022 ]  [Type: Info    ]  [Line: 73 ]  [Function: crawler ]  [Thread Id: 140203812841280 ]  [File: /home/behnam/Desktop/crawler/v1.0/fs_crawler_v1.0/functions.cpp ]  [MSG: File detected :Configuring Code__Blocks to use the Boost Libraries _ technical-recipes.com.html ] 
 [DateTime: Mon Jan 31 22:55:51 2022 ]  [Type: Info    ]  [Line: 73 ]  [Function: crawler ]  [Thread Id: 140203812841280 ]  [File: /home/behnam/Desktop/crawler/v1.0/fs_crawler_v1.0/functions.cpp ]  [MSG: File detected :eclipse-inst-jre-linux64.tar.gz ] 
 [DateTime: Mon Jan 31 22:55:51 2022 ]  [Type: Info    ]  [Line: 73 ]  [Function: crawler ]  [Thread Id: 140203812841280 ]  [File: /home/behnam/Desktop/crawler/v1.0/fs_crawler_v1.0/functions.cpp ]  [MSG: File detected :amalgamate.py ] 
 [DateTime: Mon Jan 31 22:55:51 2022 ]  [Type: Info    ]  [Line: 73 ]  [Function: crawler ]  [Thread Id: 140203812841280 ]  [File: /home/behnam/Desktop/crawler/v1.0/fs_crawler_v1.0/functions.cpp ]  [MSG: File detected :batchbuild.py ] 
 [DateTime: Mon Jan 31 22:55:51 2022 ]  [Type: Info    ]  [Line: 73 ]  [Function: crawler ]  [Thread Id: 140203812841280 ]  [File: /home/behnam/Desktop/crawler/v1.0/fs_crawler_v1.0/functions.cpp ]  [MSG: File detected :agent_vmw7.json ] 
 [DateTime: Mon Jan 31 22:55:51 2022 ]  [Type: Info    ]  [Line: 73 ]  [Function: crawler ]  [Thread Id: 140203812841280 ]  [File: /home/behnam/Desktop/crawler/v1.0/fs_crawler_v1.0/functions.cpp ]  [MSG: File detected :tarball.py ] 
 [DateTime: Mon Jan 31 22:55:51 2022 ]  [Type: Info    ]  [Line: 73 ]  [Function: crawler ]  [Thread Id: 140203812841280 ]  [File: /home/behnam/Desktop/crawler/v1.0/fs_crawler_v1.0/functions.cpp ]  [MSG: File detected :antglob.py ] 
 [DateTime: Mon Jan 31 22:55:51 2022 ]  [Type: Info    ]  [Line: 73 ]  [Function: crawler ]  [Thread Id: 140203812841280 ]  [File: /home/behnam/Desktop/crawler/v1.0/fs_crawler_v1.0/functions.cpp ]  [MSG: File detected :fixeol.py ] 
 [DateTime: Mon Jan 31 22:55:51 2022 ]  [Type: Info    ]  [Line: 73 ]  [Function: crawler ]  [Thread Id: 140203812841280 ]  [File: /home/behnam/Desktop/crawler/v1.0/fs_crawler_v1.0/functions.cpp ]  [MSG: File detected :agent_vmxp.json ] 
 [DateTime: Mon Jan 31 22:55:51 2022 ]  [Type: Info    ]  [Line: 73 ]  [Function: crawler ]  [Thread Id: 140203812841280 ]  [File: /home/behnam/Desktop/crawler/v1.0/fs_crawler_v1.0/functions.cpp ]  [MSG: File detected :licenseupdater.py ] 
 [DateTime: Mon Jan 31 22:55:51 2022 ]  [Type: Info    ]  [Line: 73 ]  [Function: crawler ]  [Thread Id: 140203812841280 ]  [File: /home/behnam/Desktop/crawler/v1.0/fs_crawler_v1.0/functions.cpp ]  [MSG: File detected :__init__.py ] 
 [DateTime: Mon Jan 31 22:55:51 2022 ]  [Type: Info    ]  [Line: 73 ]  [Function: crawler ]  [Thread Id: 140203812841280 ]  [File: /home/behnam/Desktop/crawler/v1.0/fs_crawler_v1.0/functions.cpp ]  [MSG: File detected :CMakeLists.txt ] 
 [DateTime: Mon Jan 31 22:55:51 2022 ]  [Type: Info    ]  [Line: 73 ]  [Function: crawler ]  [Thread Id: 140203812841280 ]  [File: /home/behnam/Desktop/crawler/v1.0/fs_crawler_v1.0/functions.cpp ]  [MSG: File detected :CTestConfig.cmake ] 
 [DateTime: Mon Jan 31 22:55:51 2022 ]  [Type: Info    ]  [Line: 73 ]  [Function: crawler ]  [Thread Id: 140203812841280 ]  [File: /home/behnam/Desktop/crawler/v1.0/fs_crawler_v1.0/functions.cpp ]  [MSG: File detected :jsoncpp-namespaced-targets.cmake ] 
 [DateTime: Mon Jan 31 22:55:51 2022 ]  [Type: Info    ]  [Line: 73 ]  [Function: crawler ]  [Thread Id: 140203812841280 ]  [File: /home/behnam/Desktop/crawler/v1.0/fs_crawler_v1.0/functions.cpp ]  [MSG: File detected :CONTRIBUTING.md ] 
 [DateTime: Mon Jan 31 22:55:51 2022 ]  [Type: Info    ]  [Line: 73 ]  [Function: crawler ]  [Thread Id: 140203812841280 ]  [File: /home/behnam/Desktop/crawler/v1.0/fs_crawler_v1.0/functions.cpp ]  [MSG: File detected :doxyfile.in ] 
 [DateTime: Mon Jan 31 22:55:51 2022 ]  [Type: Info    ]  [Line: 73 ]  [Function: crawler ]  [Thread Id: 140203812841280 ]  [File: /home/behnam/Desktop/crawler/v1.0/fs_crawler_v1.0/functions.cpp ]  [MSG: File detected :footer.html ] 
 [DateTime: Mon Jan 31 22:55:51 2022 ]  [Type: Info    ]  [Line: 73 ]  [Function: crawler ]  [Thread Id: 140203812841280 ]  [File: /home/behnam/Desktop/crawler/v1.0/fs_crawler_v1.0/functions.cpp ]  [MSG: File detected :header.html ] 
 [DateTime: Mon Jan 31 22:55:51 2022 ]  [Type: Info    ]  [Line: 73 ]  [Function: crawler ]  [Thread Id: 140203812841280 ]  [File: /home/behnam/Desktop/crawler/v1.0/fs_crawler_v1.0/functions.cpp ]  [MSG: File detected :readme.txt ] 
 [DateTime: Mon Jan 31 22:55:51 2022 ]  [Type: Info    ]  [Line: 73 ]  [Function: crawler ]  [Thread Id: 140203812841280 ]  [File: /home/behnam/Desktop/crawler/v1.0/fs_crawler_v1.0/functions.cpp ]  [MSG: File detected :jsoncpp.dox ] 
 [DateTime: Mon Jan 31 22:55:51 2022 ]  [Type: Info    ]  [Line: 73 ]  [Function: crawler ]  [Thread Id: 140203812841280 ]  [File: /home/behnam/Desktop/crawler/v1.0/fs_crawler_v1.0/functions.cpp ]  [MSG: File detected :web_doxyfile.in ] 
 [DateTime: Mon Jan 31 22:55:51 2022 ]  [Type: Info    ]  [Line: 73 ]  [Function: crawler ]  [Thread Id: 140203812841280 ]  [File: /home/behnam/Desktop/crawler/v1.0/fs_crawler_v1.0/functions.cpp ]  [MSG: File detected :roadmap.dox ] 
 [DateTime: Mon Jan 31 22:55:51 2022 ]  [Type: Info    ]  [Line: 73 ]  [Function: crawler ]  [Thread Id: 140203812841280 ]  [File: /home/behnam/Desktop/crawler/v1.0/fs_crawler_v1.0/functions.cpp ]  [MSG: File detected :BUILD.bazel ] 
 [DateTime: Mon Jan 31 22:55:51 2022 ]  [Type: Info    ]  [Line: 73 ]  [Function: crawler ]  [Thread Id: 140203812841280 ]  [File: /home/behnam/Desktop/crawler/v1.0/fs_crawler_v1.0/functions.cpp ]  [MSG: File detected :version.in ] 
 [DateTime: Mon Jan 31 22:55:51 2022 ]  [Type: Info    ]  [Line: 73 ]  [Function: crawler ]  [Thread Id: 140203812841280 ]  [File: /home/behnam/Desktop/crawler/v1.0/fs_crawler_v1.0/functions.cpp ]  [MSG: File detected :json-forwards.h ] 
 [DateTime: Mon Jan 31 22:55:51 2022 ]  [Type: Info    ]  [Line: 73 ]  [Function: crawler ]  [Thread Id: 140203812841280 ]  [File: /home/behnam/Desktop/crawler/v1.0/fs_crawler_v1.0/functions.cpp ]  [MSG: File detected :json.h ] 
 [DateTime: Mon Jan 31 22:55:51 2022 ]  [Type: Info    ]  [Line: 73 ]  [Function: crawler ]  [Thread Id: 140203812841280 ]  [File: /home/behnam/Desktop/crawler/v1.0/fs_crawler_v1.0/functions.cpp ]  [MSG: File detected :jsoncpp.cpp ] 
 [DateTime: Mon Jan 31 22:55:51 2022 ]  [Type: Info    ]  [Line: 73 ]  [Function: crawler ]  [Thread Id: 140203812841280 ]  [File: /home/behnam/Desktop/crawler/v1.0/fs_crawler_v1.0/functions.cpp ]  [MSG: File detected :.clang-tidy ] 
 [DateTime: Mon Jan 31 22:55:51 2022 ]  [Type: Info    ]  [Line: 73 ]  [Function: crawler ]  [Thread Id: 140203812841280 ]  [File: /home/behnam/Desktop/crawler/v1.0/fs_crawler_v1.0/functions.cpp ]  [MSG: File detected :LICENSE ] 
 [DateTime: Mon Jan 31 22:55:51 2022 ]  [Type: Info    ]  [Line: 73 ]  [Function: crawler ]  [Thread Id: 140203812841280 ]  [File: /home/behnam/Desktop/crawler/v1.0/fs_crawler_v1.0/functions.cpp ]  [MSG: File detected :JoinPaths.cmake ] 
 [DateTime: Mon Jan 31 22:55:51 2022 ]  [Type: Info    ]  [Line: 73 ]  [Function: crawler ]  [Thread Id: 140203812841280 ]  [File: /home/behnam/Desktop/crawler/v1.0/fs_crawler_v1.0/functions.cpp ]  [MSG: File detected :meson_options.txt ] 
 [DateTime: Mon Jan 31 22:55:51 2022 ]  [Type: Info    ]  [Line: 73 ]  [Function: crawler ]  [Thread Id: 140203812841280 ]  [File: /home/behnam/Desktop/crawler/v1.0/fs_crawler_v1.0/functions.cpp ]  [MSG: File detected :.travis.yml ] 
 [DateTime: Mon Jan 31 22:55:51 2022 ]  [Type: Info    ]  [Line: 73 ]  [Function: crawler ]  [Thread Id: 140203812841280 ]  [File: /home/behnam/Desktop/crawler/v1.0/fs_crawler_v1.0/functions.cpp ]  [MSG: File detected :meson.build ] 
 [DateTime: Mon Jan 31 22:55:51 2022 ]  [Type: Info    ]  [Line: 73 ]  [Function: crawler ]  [Thread Id: 140203812841280 ]  [File: /home/behnam/Desktop/crawler/v1.0/fs_crawler_v1.0/functions.cpp ]  [MSG: File detected :.gitignore ] 
 [DateTime: Mon Jan 31 22:55:51 2022 ]  [Type: Info    ]  [Line: 73 ]  [Function: crawler ]  [Thread Id: 140203812841280 ]  [File: /home/behnam/Desktop/crawler/v1.0/fs_crawler_v1.0/functions.cpp ]  [MSG: File detected :get_version.pl ] 
 [DateTime: Mon Jan 31 22:55:51 2022 ]  [Type: Info    ]  [Line: 73 ]  [Function: crawler ]  [Thread Id: 140203812841280 ]  [File: /home/behnam/Desktop/crawler/v1.0/fs_crawler_v1.0/functions.cpp ]  [MSG: File detected :doxybuild.py ] 
 [DateTime: Mon Jan 31 22:55:51 2022 ]  [Type: Info    ]  [Line: 73 ]  [Function: crawler ]  [Thread Id: 140203812841280 ]  [File: /home/behnam/Desktop/crawler/v1.0/fs_crawler_v1.0/functions.cpp ]  [MSG: File detected :config.h ] 
 [DateTime: Mon Jan 31 22:55:51 2022 ]  [Type: Info    ]  [Line: 73 ]  [Function: crawler ]  [Thread Id: 140203812841280 ]  [File: /home/behnam/Desktop/crawler/v1.0/fs_crawler_v1.0/functions.cpp ]  [MSG: File detected :forwards.h ] 
 [DateTime: Mon Jan 31 22:55:51 2022 ]  [Type: Info    ]  [Line: 73 ]  [Function: crawler ]  [Thread Id: 140203812841280 ]  [File: /home/behnam/Desktop/crawler/v1.0/fs_crawler_v1.0/functions.cpp ]  [MSG: File detected :value.h ] 
 [DateTime: Mon Jan 31 22:55:51 2022 ]  [Type: Info    ]  [Line: 73 ]  [Function: crawler ]  [Thread Id: 140203812841280 ]  [File: /home/behnam/Desktop/crawler/v1.0/fs_crawler_v1.0/functions.cpp ]  [MSG: File detected :json_features.h ] 
 [DateTime: Mon Jan 31 22:55:51 2022 ]  [Type: Info    ]  [Line: 73 ]  [Function: crawler ]  [Thread Id: 140203812841280 ]  [File: /home/behnam/Desktop/crawler/v1.0/fs_crawler_v1.0/functions.cpp ]  [MSG: File detected :assertions.h ] 
 [DateTime: Mon Jan 31 22:55:51 2022 ]  [Type: Info    ]  [Line: 73 ]  [Function: crawler ]  [Thread Id: 140203812841280 ]  [File: /home/behnam/Desktop/crawler/v1.0/fs_crawler_v1.0/functions.cpp ]  [MSG: File detected :json.h ] 
 [DateTime: Mon Jan 31 22:55:51 2022 ]  [Type: Info    ]  [Line: 73 ]  [Function: crawler ]  [Thread Id: 140203812841280 ]  [File: /home/behnam/Desktop/crawler/v1.0/fs_crawler_v1.0/functions.cpp ]  [MSG: File detected :writer.h ] 
 [DateTime: Mon Jan 31 22:55:51 2022 ]  [Type: Info    ]  [Line: 73 ]  [Function: crawler ]  [Thread Id: 140203812841280 ]  [File: /home/behnam/Desktop/crawler/v1.0/fs_crawler_v1.0/functions.cpp ]  [MSG: File detected :version.h ] 
 [DateTime: Mon Jan 31 22:55:51 2022 ]  [Type: Info    ]  [Line: 73 ]  [Function: crawler ]  [Thread Id: 140203812841280 ]  [File: /home/behnam/Desktop/crawler/v1.0/fs_crawler_v1.0/functions.cpp ]  [MSG: File detected :reader.h ] 
 [DateTime: Mon Jan 31 22:55:51 2022 ]  [Type: Info    ]  [Line: 73 ]  [Function: crawler ]  [Thread Id: 140203812841280 ]  [File: /home/behnam/Desktop/crawler/v1.0/fs_crawler_v1.0/functions.cpp ]  [MSG: File detected :allocator.h ] 
 [DateTime: Mon Jan 31 22:55:51 2022 ]  [Type: Info    ]  [Line: 73 ]  [Function: crawler ]  [Thread Id: 140203812841280 ]  [File: /home/behnam/Desktop/crawler/v1.0/fs_crawler_v1.0/functions.cpp ]  [MSG: File detected :CMakeLists.txt ] 
 [DateTime: Mon Jan 31 22:55:51 2022 ]  [Type: Info    ]  [Line: 73 ]  [Function: crawler ]  [Thread Id: 140203812841280 ]  [File: /home/behnam/Desktop/crawler/v1.0/fs_crawler_v1.0/functions.cpp ]  [MSG: File detected :PreventInSourceBuilds.cmake ] 
 [DateTime: Mon Jan 31 22:55:51 2022 ]  [Type: Info    ]  [Line: 73 ]  [Function: crawler ]  [Thread Id: 140203812841280 ]  [File: /home/behnam/Desktop/crawler/v1.0/fs_crawler_v1.0/functions.cpp ]  [MSG: File detected :PreventInBuildInstalls.cmake ] 
 [DateTime: Mon Jan 31 22:55:51 2022 ]  [Type: Info    ]  [Line: 73 ]  [Function: crawler ]  [Thread Id: 140203812841280 ]  [File: /home/behnam/Desktop/crawler/v1.0/fs_crawler_v1.0/functions.cpp ]  [MSG: File detected :.gitattributes ] 
 [DateTime: Mon Jan 31 22:55:51 2022 ]  [Type: Info    ]  [Line: 73 ]  [Function: crawler ]  [Thread Id: 140203812841280 ]  [File: /home/behnam/Desktop/crawler/v1.0/fs_crawler_v1.0/functions.cpp ]  [MSG: File detected :bug_report.md ] 
 [DateTime: Mon Jan 31 22:55:51 2022 ]  [Type: Info    ]  [Line: 73 ]  [Function: crawler ]  [Thread Id: 140203812841280 ]  [File: /home/behnam/Desktop/crawler/v1.0/fs_crawler_v1.0/functions.cpp ]  [MSG: File detected :feature_request.md ] 
 [DateTime: Mon Jan 31 22:55:51 2022 ]  [Type: Info    ]  [Line: 73 ]  [Function: crawler ]  [Thread Id: 140203812841280 ]  [File: /home/behnam/Desktop/crawler/v1.0/fs_crawler_v1.0/functions.cpp ]  [MSG: File detected :fuzz.cpp ] 
 [DateTime: Mon Jan 31 22:55:51 2022 ]  [Type: Info    ]  [Line: 73 ]  [Function: crawler ]  [Thread Id: 140203812841280 ]  [File: /home/behnam/Desktop/crawler/v1.0/fs_crawler_v1.0/functions.cpp ]  [MSG: File detected :CMakeLists.txt ] 
 [DateTime: Mon Jan 31 22:55:51 2022 ]  [Type: Info    ]  [Line: 73 ]  [Function: crawler ]  [Thread Id: 140203812841280 ]  [File: /home/behnam/Desktop/crawler/v1.0/fs_crawler_v1.0/functions.cpp ]  [MSG: File detected :main.cpp ] 
 [DateTime: Mon Jan 31 22:55:51 2022 ]  [Type: Info    ]  [Line: 73 ]  [Function: crawler ]  [Thread Id: 140203812841280 ]  [File: /home/behnam/Desktop/crawler/v1.0/fs_crawler_v1.0/functions.cpp ]  [MSG: File detected :fuzz.dict ] 
 [DateTime: Mon Jan 31 22:55:51 2022 ]  [Type: Info    ]  [Line: 73 ]  [Function: crawler ]  [Thread Id: 140203812841280 ]  [File: /home/behnam/Desktop/crawler/v1.0/fs_crawler_v1.0/functions.cpp ]  [MSG: File detected :jsontest.h ] 
 [DateTime: Mon Jan 31 22:55:51 2022 ]  [Type: Info    ]  [Line: 73 ]  [Function: crawler ]  [Thread Id: 140203812841280 ]  [File: /home/behnam/Desktop/crawler/v1.0/fs_crawler_v1.0/functions.cpp ]  [MSG: File detected :fuzz.h ] 
 [DateTime: Mon Jan 31 22:55:51 2022 ]  [Type: Info    ]  [Line: 73 ]  [Function: crawler ]  [Thread Id: 140203812841280 ]  [File: /home/behnam/Desktop/crawler/v1.0/fs_crawler_v1.0/functions.cpp ]  [MSG: File detected :jsontest.cpp ] 
 [DateTime: Mon Jan 31 22:55:51 2022 ]  [Type: Info    ]  [Line: 73 ]  [Function: crawler ]  [Thread Id: 140203812841280 ]  [File: /home/behnam/Desktop/crawler/v1.0/fs_crawler_v1.0/functions.cpp ]  [MSG: File detected :CMakeLists.txt ] 
 [DateTime: Mon Jan 31 22:55:51 2022 ]  [Type: Info    ]  [Line: 73 ]  [Function: crawler ]  [Thread Id: 140203812841280 ]  [File: /home/behnam/Desktop/crawler/v1.0/fs_crawler_v1.0/functions.cpp ]  [MSG: File detected :CMakeLists.txt ] 
 [DateTime: Mon Jan 31 22:55:51 2022 ]  [Type: Info    ]  [Line: 73 ]  [Function: crawler ]  [Thread Id: 140203812841280 ]  [File: /home/behnam/Desktop/crawler/v1.0/fs_crawler_v1.0/functions.cpp ]  [MSG: File detected :main.cpp ] 
 [DateTime: Mon Jan 31 22:55:51 2022 ]  [Type: Info    ]  [Line: 73 ]  [Function: crawler ]  [Thread Id: 140203812841280 ]  [File: /home/behnam/Desktop/crawler/v1.0/fs_crawler_v1.0/functions.cpp ]  [MSG: File detected :CMakeLists.txt ] 
 [DateTime: Mon Jan 31 22:55:51 2022 ]  [Type: Info    ]  [Line: 73 ]  [Function: crawler ]  [Thread Id: 140203812841280 ]  [File: /home/behnam/Desktop/crawler/v1.0/fs_crawler_v1.0/functions.cpp ]  [MSG: File detected :json_tool.h ] 
 [DateTime: Mon Jan 31 22:55:51 2022 ]  [Type: Info    ]  [Line: 73 ]  [Function: crawler ]  [Thread Id: 140203812841280 ]  [File: /home/behnam/Desktop/crawler/v1.0/fs_crawler_v1.0/functions.cpp ]  [MSG: File detected :json_valueiterator.inl ] 
 [DateTime: Mon Jan 31 22:55:51 2022 ]  [Type: Info    ]  [Line: 73 ]  [Function: crawler ]  [Thread Id: 140203812841280 ]  [File: /home/behnam/Desktop/crawler/v1.0/fs_crawler_v1.0/functions.cpp ]  [MSG: File detected :json_value.cpp ] 
 [DateTime: Mon Jan 31 22:55:51 2022 ]  [Type: Info    ]  [Line: 73 ]  [Function: crawler ]  [Thread Id: 140203812841280 ]  [File: /home/behnam/Desktop/crawler/v1.0/fs_crawler_v1.0/functions.cpp ]  [MSG: File detected :json_writer.cpp ] 
 [DateTime: Mon Jan 31 22:55:51 2022 ]  [Type: Info    ]  [Line: 73 ]  [Function: crawler ]  [Thread Id: 140203812841280 ]  [File: /home/behnam/Desktop/crawler/v1.0/fs_crawler_v1.0/functions.cpp ]  [MSG: File detected :json_reader.cpp ] 
 [DateTime: Mon Jan 31 22:55:51 2022 ]  [Type: Info    ]  [Line: 73 ]  [Function: crawler ]  [Thread Id: 140203812841280 ]  [File: /home/behnam/Desktop/crawler/v1.0/fs_crawler_v1.0/functions.cpp ]  [MSG: File detected :dev.makefile ] 
 [DateTime: Mon Jan 31 22:55:51 2022 ]  [Type: Info    ]  [Line: 73 ]  [Function: crawler ]  [Thread Id: 140203812841280 ]  [File: /home/behnam/Desktop/crawler/v1.0/fs_crawler_v1.0/functions.cpp ]  [MSG: File detected :jsoncpp.pc.in ] 
 [DateTime: Mon Jan 31 22:55:51 2022 ]  [Type: Info    ]  [Line: 73 ]  [Function: crawler ]  [Thread Id: 140203812841280 ]  [File: /home/behnam/Desktop/crawler/v1.0/fs_crawler_v1.0/functions.cpp ]  [MSG: File detected :legacy_test_complex_01.json ] 
 [DateTime: Mon Jan 31 22:55:51 2022 ]  [Type: Info    ]  [Line: 73 ]  [Function: crawler ]  [Thread Id: 140203812841280 ]  [File: /home/behnam/Desktop/crawler/v1.0/fs_crawler_v1.0/functions.cpp ]  [MSG: File detected :legacy_test_real_13.expected ] 
 [DateTime: Mon Jan 31 22:55:51 2022 ]  [Type: Info    ]  [Line: 73 ]  [Function: crawler ]  [Thread Id: 140203812841280 ]  [File: /home/behnam/Desktop/crawler/v1.0/fs_crawler_v1.0/functions.cpp ]  [MSG: File detected :legacy_test_real_05.json ] 
 [DateTime: Mon Jan 31 22:55:51 2022 ]  [Type: Info    ]  [Line: 73 ]  [Function: crawler ]  [Thread Id: 140203812841280 ]  [File: /home/behnam/Desktop/crawler/v1.0/fs_crawler_v1.0/functions.cpp ]  [MSG: File detected :legacy_test_basic_08.expected ] 
 [DateTime: Mon Jan 31 22:55:51 2022 ]  [Type: Info    ]  [Line: 73 ]  [Function: crawler ]  [Thread Id: 140203812841280 ]  [File: /home/behnam/Desktop/crawler/v1.0/fs_crawler_v1.0/functions.cpp ]  [MSG: File detected :legacy_test_integer_01.expected ] 
 [DateTime: Mon Jan 31 22:55:51 2022 ]  [Type: Info    ]  [Line: 73 ]  [Function: crawler ]  [Thread Id: 140203812841280 ]  [File: /home/behnam/Desktop/crawler/v1.0/fs_crawler_v1.0/functions.cpp ]  [MSG: File detected :legacy_test_array_07.expected ] 
 [DateTime: Mon Jan 31 22:55:51 2022 ]  [Type: Info    ]  [Line: 73 ]  [Function: crawler ]  [Thread Id: 140203812841280 ]  [File: /home/behnam/Desktop/crawler/v1.0/fs_crawler_v1.0/functions.cpp ]  [MSG: File detected :legacy_test_object_02.expected ] 
 [DateTime: Mon Jan 31 22:55:51 2022 ]  [Type: Info    ]  [Line: 73 ]  [Function: crawler ]  [Thread Id: 140203812841280 ]  [File: /home/behnam/Desktop/crawler/v1.0/fs_crawler_v1.0/functions.cpp ]  [MSG: File detected :legacy_test_array_06.json ] 
 [DateTime: Mon Jan 31 22:55:51 2022 ]  [Type: Info    ]  [Line: 73 ]  [Function: crawler ]  [Thread Id: 140203812841280 ]  [File: /home/behnam/Desktop/crawler/v1.0/fs_crawler_v1.0/functions.cpp ]  [MSG: File detected :legacy_test_basic_03.json ] 
 [DateTime: Mon Jan 31 22:55:51 2022 ]  [Type: Info    ]  [Line: 73 ]  [Function: crawler ]  [Thread Id: 140203812841280 ]  [File: /home/behnam/Desktop/crawler/v1.0/fs_crawler_v1.0/functions.cpp ]  [MSG: File detected :legacy_test_basic_02.expected ] 
 [DateTime: Mon Jan 31 22:55:51 2022 ]  [Type: Info    ]  [Line: 73 ]  [Function: crawler ]  [Thread Id: 140203812841280 ]  [File: /home/behnam/Desktop/crawler/v1.0/fs_crawler_v1.0/functions.cpp ]  [MSG: File detected :legacy_test_real_12.expected ] 
 [DateTime: Mon Jan 31 22:55:51 2022 ]  [Type: Info    ]  [Line: 73 ]  [Function: crawler ]  [Thread Id: 140203812841280 ]  [File: /home/behnam/Desktop/crawler/v1.0/fs_crawler_v1.0/functions.cpp ]  [MSG: File detected :legacy_test_real_10.expected ] 
 [DateTime: Mon Jan 31 22:55:51 2022 ]  [Type: Info    ]  [Line: 73 ]  [Function: crawler ]  [Thread Id: 140203812841280 ]  [File: /home/behnam/Desktop/crawler/v1.0/fs_crawler_v1.0/functions.cpp ]  [MSG: File detected :legacy_test_basic_06.json ] 
 [DateTime: Mon Jan 31 22:55:51 2022 ]  [Type: Info    ]  [Line: 73 ]  [Function: crawler ]  [Thread Id: 140203812841280 ]  [File: /home/behnam/Desktop/crawler/v1.0/fs_crawler_v1.0/functions.cpp ]  [MSG: File detected :legacy_test_real_11.expected ] 
 [DateTime: Mon Jan 31 22:55:51 2022 ]  [Type: Info    ]  [Line: 73 ]  [Function: crawler ]  [Thread Id: 140203812841280 ]  [File: /home/behnam/Desktop/crawler/v1.0/fs_crawler_v1.0/functions.cpp ]  [MSG: File detected :legacy_test_basic_01.expected ] 
 [DateTime: Mon Jan 31 22:55:51 2022 ]  [Type: Info    ]  [Line: 73 ]  [Function: crawler ]  [Thread Id: 140203812841280 ]  [File: /home/behnam/Desktop/crawler/v1.0/fs_crawler_v1.0/functions.cpp ]  [MSG: File detected :legacy_test_real_09.json ] 
 [DateTime: Mon Jan 31 22:55:51 2022 ]  [Type: Info    ]  [Line: 73 ]  [Function: crawler ]  [Thread Id: 140203812841280 ]  [File: /home/behnam/Desktop/crawler/v1.0/fs_crawler_v1.0/functions.cpp ]  [MSG: File detected :legacy_test_basic_01.json ] 
 [DateTime: Mon Jan 31 22:55:51 2022 ]  [Type: Info    ]  [Line: 73 ]  [Function: crawler ]  [Thread Id: 140203812841280 ]  [File: /home/behnam/Desktop/crawler/v1.0/fs_crawler_v1.0/functions.cpp ]  [MSG: File detected :legacy_test_basic_04.json ] 
 [DateTime: Mon Jan 31 22:55:51 2022 ]  [Type: Info    ]  [Line: 73 ]  [Function: crawler ]  [Thread Id: 140203812841280 ]  [File: /home/behnam/Desktop/crawler/v1.0/fs_crawler_v1.0/functions.cpp ]  [MSG: File detected :legacy_test_real_03.json ] 
 [DateTime: Mon Jan 31 22:55:51 2022 ]  [Type: Info    ]  [Line: 73 ]  [Function: crawler ]  [Thread Id: 140203812841280 ]  [File: /home/behnam/Desktop/crawler/v1.0/fs_crawler_v1.0/functions.cpp ]  [MSG: File detected :legacy_test_basic_07.json ] 
 [DateTime: Mon Jan 31 22:55:51 2022 ]  [Type: Info    ]  [Line: 73 ]  [Function: crawler ]  [Thread Id: 140203812841280 ]  [File: /home/behnam/Desktop/crawler/v1.0/fs_crawler_v1.0/functions.cpp ]  [MSG: File detected :legacy_test_string_05.json ] 
 [DateTime: Mon Jan 31 22:55:51 2022 ]  [Type: Info    ]  [Line: 73 ]  [Function: crawler ]  [Thread Id: 140203812841280 ]  [File: /home/behnam/Desktop/crawler/v1.0/fs_crawler_v1.0/functions.cpp ]  [MSG: File detected :legacy_test_string_unicode_01.json ] 
 [DateTime: Mon Jan 31 22:55:51 2022 ]  [Type: Info    ]  [Line: 73 ]  [Function: crawler ]  [Thread Id: 140203812841280 ]  [File: /home/behnam/Desktop/crawler/v1.0/fs_crawler_v1.0/functions.cpp ]  [MSG: File detected :legacy_test_string_05.expected ] 
 [DateTime: Mon Jan 31 22:55:51 2022 ]  [Type: Info    ]  [Line: 73 ]  [Function: crawler ]  [Thread Id: 140203812841280 ]  [File: /home/behnam/Desktop/crawler/v1.0/fs_crawler_v1.0/functions.cpp ]  [MSG: File detected :legacy_test_integer_07_64bits.json ] 
 [DateTime: Mon Jan 31 22:55:51 2022 ]  [Type: Info    ]  [Line: 73 ]  [Function: crawler ]  [Thread Id: 140203812841280 ]  [File: /home/behnam/Desktop/crawler/v1.0/fs_crawler_v1.0/functions.cpp ]  [MSG: File detected :legacy_test_real_13.json ] 
 [DateTime: Mon Jan 31 22:55:51 2022 ]  [Type: Info    ]  [Line: 73 ]  [Function: crawler ]  [Thread Id: 140203812841280 ]  [File: /home/behnam/Desktop/crawler/v1.0/fs_crawler_v1.0/functions.cpp ]  [MSG: File detected :legacy_test_integer_04.expected ] 
 [DateTime: Mon Jan 31 22:55:51 2022 ]  [Type: Info    ]  [Line: 73 ]  [Function: crawler ]  [Thread Id: 140203812841280 ]  [File: /home/behnam/Desktop/crawler/v1.0/fs_crawler_v1.0/functions.cpp ]  [MSG: File detected :test_array_08.json ] 
 [DateTime: Mon Jan 31 22:55:51 2022 ]  [Type: Info    ]  [Line: 73 ]  [Function: crawler ]  [Thread Id: 140203812841280 ]  [File: /home/behnam/Desktop/crawler/v1.0/fs_crawler_v1.0/functions.cpp ]  [MSG: File detected :legacy_test_real_08.expected ] 
 [DateTime: Mon Jan 31 22:55:51 2022 ]  [Type: Info    ]  [Line: 73 ]  [Function: crawler ]  [Thread Id: 140203812841280 ]  [File: /home/behnam/Desktop/crawler/v1.0/fs_crawler_v1.0/functions.cpp ]  [MSG: File detected :legacy_test_object_01.expected ] 
 [DateTime: Mon Jan 31 22:55:51 2022 ]  [Type: Info    ]  [Line: 73 ]  [Function: crawler ]  [Thread Id: 140203812841280 ]  [File: /home/behnam/Desktop/crawler/v1.0/fs_crawler_v1.0/functions.cpp ]  [MSG: File detected :legacy_test_array_06.expected ] 
 [DateTime: Mon Jan 31 22:55:51 2022 ]  [Type: Info    ]  [Line: 73 ]  [Function: crawler ]  [Thread Id: 140203812841280 ]  [File: /home/behnam/Desktop/crawler/v1.0/fs_crawler_v1.0/functions.cpp ]  [MSG: File detected :test_object_05.expected ] 
 [DateTime: Mon Jan 31 22:55:51 2022 ]  [Type: Info    ]  [Line: 73 ]  [Function: crawler ]  [Thread Id: 140203812841280 ]  [File: /home/behnam/Desktop/crawler/v1.0/fs_crawler_v1.0/functions.cpp ]  [MSG: File detected :legacy_test_integer_02.json ] 
 [DateTime: Mon Jan 31 22:55:51 2022 ]  [Type: Info    ]  [Line: 73 ]  [Function: crawler ]  [Thread Id: 140203812841280 ]  [File: /home/behnam/Desktop/crawler/v1.0/fs_crawler_v1.0/functions.cpp ]  [MSG: File detected :fail_test_object_01.json ] 
 [DateTime: Mon Jan 31 22:55:51 2022 ]  [Type: Info    ]  [Line: 73 ]  [Function: crawler ]  [Thread Id: 140203812841280 ]  [File: /home/behnam/Desktop/crawler/v1.0/fs_crawler_v1.0/functions.cpp ]  [MSG: File detected :legacy_test_real_12.json ] 
 [DateTime: Mon Jan 31 22:55:51 2022 ]  [Type: Info    ]  [Line: 73 ]  [Function: crawler ]  [Thread Id: 140203812841280 ]  [File: /home/behnam/Desktop/crawler/v1.0/fs_crawler_v1.0/functions.cpp ]  [MSG: File detected :legacy_test_real_11.json ] 
 [DateTime: Mon Jan 31 22:55:51 2022 ]  [Type: Info    ]  [Line: 73 ]  [Function: crawler ]  [Thread Id: 140203812841280 ]  [File: /home/behnam/Desktop/crawler/v1.0/fs_crawler_v1.0/functions.cpp ]  [MSG: File detected :legacy_test_real_09.expected ] 
 [DateTime: Mon Jan 31 22:55:51 2022 ]  [Type: Info    ]  [Line: 73 ]  [Function: crawler ]  [Thread Id: 140203812841280 ]  [File: /home/behnam/Desktop/crawler/v1.0/fs_crawler_v1.0/functions.cpp ]  [MSG: File detected :test_object_05.json ] 
 [DateTime: Mon Jan 31 22:55:51 2022 ]  [Type: Info    ]  [Line: 73 ]  [Function: crawler ]  [Thread Id: 140203812841280 ]  [File: /home/behnam/Desktop/crawler/v1.0/fs_crawler_v1.0/functions.cpp ]  [MSG: File detected :legacy_test_string_unicode_04.json ] 
 [DateTime: Mon Jan 31 22:55:51 2022 ]  [Type: Info    ]  [Line: 73 ]  [Function: crawler ]  [Thread Id: 140203812841280 ]  [File: /home/behnam/Desktop/crawler/v1.0/fs_crawler_v1.0/functions.cpp ]  [MSG: File detected :legacy_test_array_02.expected ] 
 [DateTime: Mon Jan 31 22:55:51 2022 ]  [Type: Info    ]  [Line: 73 ]  [Function: crawler ]  [Thread Id: 140203812841280 ]  [File: /home/behnam/Desktop/crawler/v1.0/fs_crawler_v1.0/functions.cpp ]  [MSG: File detected :legacy_test_large_01.json ] 
 [DateTime: Mon Jan 31 22:55:51 2022 ]  [Type: Info    ]  [Line: 73 ]  [Function: crawler ]  [Thread Id: 140203812841280 ]  [File: /home/behnam/Desktop/crawler/v1.0/fs_crawler_v1.0/functions.cpp ]  [MSG: File detected :legacy_test_string_02.json ] 
 [DateTime: Mon Jan 31 22:55:51 2022 ]  [Type: Info    ]  [Line: 73 ]  [Function: crawler ]  [Thread Id: 140203812841280 ]  [File: /home/behnam/Desktop/crawler/v1.0/fs_crawler_v1.0/functions.cpp ]  [MSG: File detected :legacy_test_integer_08_64bits.json ] 
 [DateTime: Mon Jan 31 22:55:51 2022 ]  [Type: Info    ]  [Line: 73 ]  [Function: crawler ]  [Thread Id: 140203812841280 ]  [File: /home/behnam/Desktop/crawler/v1.0/fs_crawler_v1.0/functions.cpp ]  [MSG: File detected :legacy_test_real_06.expected ] 
 [DateTime: Mon Jan 31 22:55:51 2022 ]  [Type: Info    ]  [Line: 73 ]  [Function: crawler ]  [Thread Id: 140203812841280 ]  [File: /home/behnam/Desktop/crawler/v1.0/fs_crawler_v1.0/functions.cpp ]  [MSG: File detected :legacy_test_object_03.expected ] 
 [DateTime: Mon Jan 31 22:55:51 2022 ]  [Type: Info    ]  [Line: 73 ]  [Function: crawler ]  [Thread Id: 140203812841280 ]  [File: /home/behnam/Desktop/crawler/v1.0/fs_crawler_v1.0/functions.cpp ]  [MSG: File detected :legacy_test_integer_06_64bits.json ] 
 [DateTime: Mon Jan 31 22:55:51 2022 ]  [Type: Info    ]  [Line: 73 ]  [Function: crawler ]  [Thread Id: 140203812841280 ]  [File: /home/behnam/Desktop/crawler/v1.0/fs_crawler_v1.0/functions.cpp ]  [MSG: File detected :legacy_test_integer_03.json ] 
 [DateTime: Mon Jan 31 22:55:51 2022 ]  [Type: Info    ]  [Line: 73 ]  [Function: crawler ]  [Thread Id: 140203812841280 ]  [File: /home/behnam/Desktop/crawler/v1.0/fs_crawler_v1.0/functions.cpp ]  [MSG: File detected :legacy_test_string_03.json ] 
 [DateTime: Mon Jan 31 22:55:51 2022 ]  [Type: Info    ]  [Line: 73 ]  [Function: crawler ]  [Thread Id: 140203812841280 ]  [File: /home/behnam/Desktop/crawler/v1.0/fs_crawler_v1.0/functions.cpp ]  [MSG: File detected :legacy_test_basic_05.expected ] 
 [DateTime: Mon Jan 31 22:55:51 2022 ]  [Type: Info    ]  [Line: 73 ]  [Function: crawler ]  [Thread Id: 140203812841280 ]  [File: /home/behnam/Desktop/crawler/v1.0/fs_crawler_v1.0/functions.cpp ]  [MSG: File detected :legacy_test_integer_02.expected ] 
 [DateTime: Mon Jan 31 22:55:51 2022 ]  [Type: Info    ]  [Line: 73 ]  [Function: crawler ]  [Thread Id: 140203812841280 ]  [File: /home/behnam/Desktop/crawler/v1.0/fs_crawler_v1.0/functions.cpp ]  [MSG: File detected :legacy_test_basic_08.json ] 
 [DateTime: Mon Jan 31 22:55:51 2022 ]  [Type: Info    ]  [Line: 73 ]  [Function: crawler ]  [Thread Id: 140203812841280 ]  [File: /home/behnam/Desktop/crawler/v1.0/fs_crawler_v1.0/functions.cpp ]  [MSG: File detected :legacy_test_array_03.json ] 
 [DateTime: Mon Jan 31 22:55:51 2022 ]  [Type: Info    ]  [Line: 73 ]  [Function: crawler ]  [Thread Id: 140203812841280 ]  [File: /home/behnam/Desktop/crawler/v1.0/fs_crawler_v1.0/functions.cpp ]  [MSG: File detected :legacy_test_string_unicode_05.json ] 
 [DateTime: Mon Jan 31 22:55:51 2022 ]  [Type: Info    ]  [Line: 73 ]  [Function: crawler ]  [Thread Id: 140203812841280 ]  [File: /home/behnam/Desktop/crawler/v1.0/fs_crawler_v1.0/functions.cpp ]  [MSG: File detected :legacy_test_string_04.json ] 
 [DateTime: Mon Jan 31 22:55:51 2022 ]  [Type: Info    ]  [Line: 73 ]  [Function: crawler ]  [Thread Id: 140203812841280 ]  [File: /home/behnam/Desktop/crawler/v1.0/fs_crawler_v1.0/functions.cpp ]  [MSG: File detected :legacy_test_real_03.expected ] 
 [DateTime: Mon Jan 31 22:55:51 2022 ]  [Type: Info    ]  [Line: 73 ]  [Function: crawler ]  [Thread Id: 140203812841280 ]  [File: /home/behnam/Desktop/crawler/v1.0/fs_crawler_v1.0/functions.cpp ]  [MSG: File detected :legacy_test_real_05.expected ] 
 [DateTime: Mon Jan 31 22:55:51 2022 ]  [Type: Info    ]  [Line: 73 ]  [Function: crawler ]  [Thread Id: 140203812841280 ]  [File: /home/behnam/Desktop/crawler/v1.0/fs_crawler_v1.0/functions.cpp ]  [MSG: File detected :fail_test_array_01.json ] 
 [DateTime: Mon Jan 31 22:55:51 2022 ]  [Type: Info    ]  [Line: 73 ]  [Function: crawler ]  [Thread Id: 140203812841280 ]  [File: /home/behnam/Desktop/crawler/v1.0/fs_crawler_v1.0/functions.cpp ]  [MSG: File detected :legacy_test_integer_03.expected ] 
 [DateTime: Mon Jan 31 22:55:51 2022 ]  [Type: Info    ]  [Line: 73 ]  [Function: crawler ]  [Thread Id: 140203812841280 ]  [File: /home/behnam/Desktop/crawler/v1.0/fs_crawler_v1.0/functions.cpp ]  [MSG: File detected :legacy_test_real_04.expected ] 
 [DateTime: Mon Jan 31 22:55:51 2022 ]  [Type: Info    ]  [Line: 73 ]  [Function: crawler ]  [Thread Id: 140203812841280 ]  [File: /home/behnam/Desktop/crawler/v1.0/fs_crawler_v1.0/functions.cpp ]  [MSG: File detected :legacy_test_array_05.expected ] 
 [DateTime: Mon Jan 31 22:55:51 2022 ]  [Type: Info    ]  [Line: 73 ]  [Function: crawler ]  [Thread Id: 140203812841280 ]  [File: /home/behnam/Desktop/crawler/v1.0/fs_crawler_v1.0/functions.cpp ]  [MSG: File detected :legacy_test_basic_09.expected ] 
 [DateTime: Mon Jan 31 22:55:51 2022 ]  [Type: Info    ]  [Line: 73 ]  [Function: crawler ]  [Thread Id: 140203812841280 ]  [File: /home/behnam/Desktop/crawler/v1.0/fs_crawler_v1.0/functions.cpp ]  [MSG: File detected :legacy_test_integer_06_64bits.expected ] 
 [DateTime: Mon Jan 31 22:55:51 2022 ]  [Type: Info    ]  [Line: 73 ]  [Function: crawler ]  [Thread Id: 140203812841280 ]  [File: /home/behnam/Desktop/crawler/v1.0/fs_crawler_v1.0/functions.cpp ]  [MSG: File detected :legacy_test_array_01.expected ] 
 [DateTime: Mon Jan 31 22:55:51 2022 ]  [Type: Info    ]  [Line: 73 ]  [Function: crawler ]  [Thread Id: 140203812841280 ]  [File: /home/behnam/Desktop/crawler/v1.0/fs_crawler_v1.0/functions.cpp ]  [MSG: File detected :legacy_test_array_07.json ] 
 [DateTime: Mon Jan 31 22:55:51 2022 ]  [Type: Info    ]  [Line: 73 ]  [Function: crawler ]  [Thread Id: 140203812841280 ]  [File: /home/behnam/Desktop/crawler/v1.0/fs_crawler_v1.0/functions.cpp ]  [MSG: File detected :legacy_test_comment_02.json ] 
 [DateTime: Mon Jan 31 22:55:51 2022 ]  [Type: Info    ]  [Line: 73 ]  [Function: crawler ]  [Thread Id: 140203812841280 ]  [File: /home/behnam/Desktop/crawler/v1.0/fs_crawler_v1.0/functions.cpp ]  [MSG: File detected :legacy_test_real_01.expected ] 
 [DateTime: Mon Jan 31 22:55:51 2022 ]  [Type: Info    ]  [Line: 73 ]  [Function: crawler ]  [Thread Id: 140203812841280 ]  [File: /home/behnam/Desktop/crawler/v1.0/fs_crawler_v1.0/functions.cpp ]  [MSG: File detected :legacy_test_real_02.json ] 
 [DateTime: Mon Jan 31 22:55:51 2022 ]  [Type: Info    ]  [Line: 73 ]  [Function: crawler ]  [Thread Id: 140203812841280 ]  [File: /home/behnam/Desktop/crawler/v1.0/fs_crawler_v1.0/functions.cpp ]  [MSG: File detected :legacy_test_array_04.json ] 
 [DateTime: Mon Jan 31 22:55:51 2022 ]  [Type: Info    ]  [Line: 73 ]  [Function: crawler ]  [Thread Id: 140203812841280 ]  [File: /home/behnam/Desktop/crawler/v1.0/fs_crawler_v1.0/functions.cpp ]  [MSG: File detected :legacy_test_integer_04.json ] 
 [DateTime: Mon Jan 31 22:55:51 2022 ]  [Type: Info    ]  [Line: 73 ]  [Function: crawler ]  [Thread Id: 140203812841280 ]  [File: /home/behnam/Desktop/crawler/v1.0/fs_crawler_v1.0/functions.cpp ]  [MSG: File detected :legacy_test_string_unicode_04.expected ] 
 [DateTime: Mon Jan 31 22:55:51 2022 ]  [Type: Info    ]  [Line: 73 ]  [Function: crawler ]  [Thread Id: 140203812841280 ]  [File: /home/behnam/Desktop/crawler/v1.0/fs_crawler_v1.0/functions.cpp ]  [MSG: File detected :legacy_test_integer_05.expected ] 
 [DateTime: Mon Jan 31 22:55:51 2022 ]  [Type: Info    ]  [Line: 73 ]  [Function: crawler ]  [Thread Id: 140203812841280 ]  [File: /home/behnam/Desktop/crawler/v1.0/fs_crawler_v1.0/functions.cpp ]  [MSG: File detected :legacy_test_basic_02.json ] 
 [DateTime: Mon Jan 31 22:55:51 2022 ]  [Type: Info    ]  [Line: 73 ]  [Function: crawler ]  [Thread Id: 140203812841280 ]  [File: /home/behnam/Desktop/crawler/v1.0/fs_crawler_v1.0/functions.cpp ]  [MSG: File detected :legacy_test_comment_00.json ] 
 [DateTime: Mon Jan 31 22:55:51 2022 ]  [Type: Info    ]  [Line: 73 ]  [Function: crawler ]  [Thread Id: 140203812841280 ]  [File: /home/behnam/Desktop/crawler/v1.0/fs_crawler_v1.0/functions.cpp ]  [MSG: File detected :legacy_test_string_04.expected ] 
 [DateTime: Mon Jan 31 22:55:51 2022 ]  [Type: Info    ]  [Line: 73 ]  [Function: crawler ]  [Thread Id: 140203812841280 ]  [File: /home/behnam/Desktop/crawler/v1.0/fs_crawler_v1.0/functions.cpp ]  [MSG: File detected :legacy_test_basic_04.expected ] 
 [DateTime: Mon Jan 31 22:55:51 2022 ]  [Type: Info    ]  [Line: 73 ]  [Function: crawler ]  [Thread Id: 140203812841280 ]  [File: /home/behnam/Desktop/crawler/v1.0/fs_crawler_v1.0/functions.cpp ]  [MSG: File detected :legacy_test_real_01.json ] 
 [DateTime: Mon Jan 31 22:55:51 2022 ]  [Type: Info    ]  [Line: 73 ]  [Function: crawler ]  [Thread Id: 140203812841280 ]  [File: /home/behnam/Desktop/crawler/v1.0/fs_crawler_v1.0/functions.cpp ]  [MSG: File detected :fail_test_stack_limit.json ] 
 [DateTime: Mon Jan 31 22:55:51 2022 ]  [Type: Info    ]  [Line: 73 ]  [Function: crawler ]  [Thread Id: 140203812841280 ]  [File: /home/behnam/Desktop/crawler/v1.0/fs_crawler_v1.0/functions.cpp ]  [MSG: File detected :legacy_test_integer_01.json ] 
 [DateTime: Mon Jan 31 22:55:51 2022 ]  [Type: Info    ]  [Line: 73 ]  [Function: crawler ]  [Thread Id: 140203812841280 ]  [File: /home/behnam/Desktop/crawler/v1.0/fs_crawler_v1.0/functions.cpp ]  [MSG: File detected :legacy_test_large_01.expected ] 
 [DateTime: Mon Jan 31 22:55:51 2022 ]  [Type: Info    ]  [Line: 73 ]  [Function: crawler ]  [Thread Id: 140203812841280 ]  [File: /home/behnam/Desktop/crawler/v1.0/fs_crawler_v1.0/functions.cpp ]  [MSG: File detected :legacy_test_object_04.json ] 
 [DateTime: Mon Jan 31 22:55:51 2022 ]  [Type: Info    ]  [Line: 73 ]  [Function: crawler ]  [Thread Id: 140203812841280 ]  [File: /home/behnam/Desktop/crawler/v1.0/fs_crawler_v1.0/functions.cpp ]  [MSG: File detected :legacy_test_array_04.expected ] 
 [DateTime: Mon Jan 31 22:55:51 2022 ]  [Type: Info    ]  [Line: 73 ]  [Function: crawler ]  [Thread Id: 140203812841280 ]  [File: /home/behnam/Desktop/crawler/v1.0/fs_crawler_v1.0/functions.cpp ]  [MSG: File detected :legacy_test_preserve_comment_01.json ] 
 [DateTime: Mon Jan 31 22:55:51 2022 ]  [Type: Info    ]  [Line: 73 ]  [Function: crawler ]  [Thread Id: 140203812841280 ]  [File: /home/behnam/Desktop/crawler/v1.0/fs_crawler_v1.0/functions.cpp ]  [MSG: File detected :legacy_test_complex_01.expected ] 
 [DateTime: Mon Jan 31 22:55:51 2022 ]  [Type: Info    ]  [Line: 73 ]  [Function: crawler ]  [Thread Id: 140203812841280 ]  [File: /home/behnam/Desktop/crawler/v1.0/fs_crawler_v1.0/functions.cpp ]  [MSG: File detected :legacy_test_integer_08_64bits.expected ] 
 [DateTime: Mon Jan 31 22:55:51 2022 ]  [Type: Info    ]  [Line: 73 ]  [Function: crawler ]  [Thread Id: 140203812841280 ]  [File: /home/behnam/Desktop/crawler/v1.0/fs_crawler_v1.0/functions.cpp ]  [MSG: File detected :legacy_test_string_03.expected ] 
 [DateTime: Mon Jan 31 22:55:51 2022 ]  [Type: Info    ]  [Line: 73 ]  [Function: crawler ]  [Thread Id: 140203812841280 ]  [File: /home/behnam/Desktop/crawler/v1.0/fs_crawler_v1.0/functions.cpp ]  [MSG: File detected :legacy_test_object_03.json ] 
 [DateTime: Mon Jan 31 22:55:51 2022 ]  [Type: Info    ]  [Line: 73 ]  [Function: crawler ]  [Thread Id: 140203812841280 ]  [File: /home/behnam/Desktop/crawler/v1.0/fs_crawler_v1.0/functions.cpp ]  [MSG: File detected :legacy_test_basic_06.expected ] 
 [DateTime: Mon Jan 31 22:55:51 2022 ]  [Type: Info    ]  [Line: 73 ]  [Function: crawler ]  [Thread Id: 140203812841280 ]  [File: /home/behnam/Desktop/crawler/v1.0/fs_crawler_v1.0/functions.cpp ]  [MSG: File detected :legacy_test_object_01.json ] 
 [DateTime: Mon Jan 31 22:55:51 2022 ]  [Type: Info    ]  [Line: 73 ]  [Function: crawler ]  [Thread Id: 140203812841280 ]  [File: /home/behnam/Desktop/crawler/v1.0/fs_crawler_v1.0/functions.cpp ]  [MSG: File detected :legacy_test_real_08.json ] 
 [DateTime: Mon Jan 31 22:55:51 2022 ]  [Type: Info    ]  [Line: 73 ]  [Function: crawler ]  [Thread Id: 140203812841280 ]  [File: /home/behnam/Desktop/crawler/v1.0/fs_crawler_v1.0/functions.cpp ]  [MSG: File detected :fail_invalid_quote.json ] 
 [DateTime: Mon Jan 31 22:55:51 2022 ]  [Type: Info    ]  [Line: 73 ]  [Function: crawler ]  [Thread Id: 140203812841280 ]  [File: /home/behnam/Desktop/crawler/v1.0/fs_crawler_v1.0/functions.cpp ]  [MSG: File detected :legacy_test_object_02.json ] 
 [DateTime: Mon Jan 31 22:55:51 2022 ]  [Type: Info    ]  [Line: 73 ]  [Function: crawler ]  [Thread Id: 140203812841280 ]  [File: /home/behnam/Desktop/crawler/v1.0/fs_crawler_v1.0/functions.cpp ]  [MSG: File detected :legacy_test_preserve_comment_01.expected ] 
 [DateTime: Mon Jan 31 22:55:51 2022 ]  [Type: Info    ]  [Line: 73 ]  [Function: crawler ]  [Thread Id: 140203812841280 ]  [File: /home/behnam/Desktop/crawler/v1.0/fs_crawler_v1.0/functions.cpp ]  [MSG: File detected :legacy_test_string_01.expected ] 
 [DateTime: Mon Jan 31 22:55:51 2022 ]  [Type: Info    ]  [Line: 73 ]  [Function: crawler ]  [Thread Id: 140203812841280 ]  [File: /home/behnam/Desktop/crawler/v1.0/fs_crawler_v1.0/functions.cpp ]  [MSG: File detected :legacy_test_real_04.json ] 
 [DateTime: Mon Jan 31 22:55:51 2022 ]  [Type: Info    ]  [Line: 73 ]  [Function: crawler ]  [Thread Id: 140203812841280 ]  [File: /home/behnam/Desktop/crawler/v1.0/fs_crawler_v1.0/functions.cpp ]  [MSG: File detected :legacy_test_comment_02.expected ] 
 [DateTime: Mon Jan 31 22:55:51 2022 ]  [Type: Info    ]  [Line: 73 ]  [Function: crawler ]  [Thread Id: 140203812841280 ]  [File: /home/behnam/Desktop/crawler/v1.0/fs_crawler_v1.0/functions.cpp ]  [MSG: File detected :legacy_test_array_03.expected ] 
 [DateTime: Mon Jan 31 22:55:51 2022 ]  [Type: Info    ]  [Line: 73 ]  [Function: crawler ]  [Thread Id: 140203812841280 ]  [File: /home/behnam/Desktop/crawler/v1.0/fs_crawler_v1.0/functions.cpp ]  [MSG: File detected :legacy_test_basic_03.expected ] 
 [DateTime: Mon Jan 31 22:55:51 2022 ]  [Type: Info    ]  [Line: 73 ]  [Function: crawler ]  [Thread Id: 140203812841280 ]  [File: /home/behnam/Desktop/crawler/v1.0/fs_crawler_v1.0/functions.cpp ]  [MSG: File detected :legacy_test_comment_01.expected ] 
 [DateTime: Mon Jan 31 22:55:51 2022 ]  [Type: Info    ]  [Line: 73 ]  [Function: crawler ]  [Thread Id: 140203812841280 ]  [File: /home/behnam/Desktop/crawler/v1.0/fs_crawler_v1.0/functions.cpp ]  [MSG: File detected :test_array_08.expected ] 
 [DateTime: Mon Jan 31 22:55:51 2022 ]  [Type: Info    ]  [Line: 73 ]  [Function: crawler ]  [Thread Id: 140203812841280 ]  [File: /home/behnam/Desktop/crawler/v1.0/fs_crawler_v1.0/functions.cpp ]  [MSG: File detected :legacy_test_string_unicode_02.expected ] 
 [DateTime: Mon Jan 31 22:55:51 2022 ]  [Type: Info    ]  [Line: 73 ]  [Function: crawler ]  [Thread Id: 140203812841280 ]  [File: /home/behnam/Desktop/crawler/v1.0/fs_crawler_v1.0/functions.cpp ]  [MSG: File detected :legacy_test_basic_05.json ] 
 [DateTime: Mon Jan 31 22:55:51 2022 ]  [Type: Info    ]  [Line: 73 ]  [Function: crawler ]  [Thread Id: 140203812841280 ]  [File: /home/behnam/Desktop/crawler/v1.0/fs_crawler_v1.0/functions.cpp ]  [MSG: File detected :legacy_test_integer_07_64bits.expected ] 
 [DateTime: Mon Jan 31 22:55:51 2022 ]  [Type: Info    ]  [Line: 73 ]  [Function: crawler ]  [Thread Id: 140203812841280 ]  [File: /home/behnam/Desktop/crawler/v1.0/fs_crawler_v1.0/functions.cpp ]  [MSG: File detected :legacy_test_string_unicode_03.json ] 
 [DateTime: Mon Jan 31 22:55:51 2022 ]  [Type: Info    ]  [Line: 73 ]  [Function: crawler ]  [Thread Id: 140203812841280 ]  [File: /home/behnam/Desktop/crawler/v1.0/fs_crawler_v1.0/functions.cpp ]  [MSG: File detected :legacy_test_object_04.expected ] 
 [DateTime: Mon Jan 31 22:55:51 2022 ]  [Type: Info    ]  [Line: 73 ]  [Function: crawler ]  [Thread Id: 140203812841280 ]  [File: /home/behnam/Desktop/crawler/v1.0/fs_crawler_v1.0/functions.cpp ]  [MSG: File detected :legacy_test_string_unicode_03.expected ] 
 [DateTime: Mon Jan 31 22:55:51 2022 ]  [Type: Info    ]  [Line: 73 ]  [Function: crawler ]  [Thread Id: 140203812841280 ]  [File: /home/behnam/Desktop/crawler/v1.0/fs_crawler_v1.0/functions.cpp ]  [MSG: File detected :legacy_test_string_unicode_05.expected ] 
 [DateTime: Mon Jan 31 22:55:51 2022 ]  [Type: Info    ]  [Line: 73 ]  [Function: crawler ]  [Thread Id: 140203812841280 ]  [File: /home/behnam/Desktop/crawler/v1.0/fs_crawler_v1.0/functions.cpp ]  [MSG: File detected :legacy_test_string_unicode_01.expected ] 
 [DateTime: Mon Jan 31 22:55:51 2022 ]  [Type: Info    ]  [Line: 73 ]  [Function: crawler ]  [Thread Id: 140203812841280 ]  [File: /home/behnam/Desktop/crawler/v1.0/fs_crawler_v1.0/functions.cpp ]  [MSG: File detected :legacy_test_real_02.expected ] 
 [DateTime: Mon Jan 31 22:55:51 2022 ]  [Type: Info    ]  [Line: 73 ]  [Function: crawler ]  [Thread Id: 140203812841280 ]  [File: /home/behnam/Desktop/crawler/v1.0/fs_crawler_v1.0/functions.cpp ]  [MSG: File detected :legacy_test_string_01.json ] 
 [DateTime: Mon Jan 31 22:55:51 2022 ]  [Type: Info    ]  [Line: 73 ]  [Function: crawler ]  [Thread Id: 140203812841280 ]  [File: /home/behnam/Desktop/crawler/v1.0/fs_crawler_v1.0/functions.cpp ]  [MSG: File detected :legacy_test_real_07.json ] 
 [DateTime: Mon Jan 31 22:55:51 2022 ]  [Type: Info    ]  [Line: 73 ]  [Function: crawler ]  [Thread Id: 140203812841280 ]  [File: /home/behnam/Desktop/crawler/v1.0/fs_crawler_v1.0/functions.cpp ]  [MSG: File detected :fail_test_array_02.json ] 
 [DateTime: Mon Jan 31 22:55:51 2022 ]  [Type: Info    ]  [Line: 73 ]  [Function: crawler ]  [Thread Id: 140203812841280 ]  [File: /home/behnam/Desktop/crawler/v1.0/fs_crawler_v1.0/functions.cpp ]  [MSG: File detected :legacy_test_array_02.json ] 
 [DateTime: Mon Jan 31 22:55:51 2022 ]  [Type: Info    ]  [Line: 73 ]  [Function: crawler ]  [Thread Id: 140203812841280 ]  [File: /home/behnam/Desktop/crawler/v1.0/fs_crawler_v1.0/functions.cpp ]  [MSG: File detected :legacy_test_basic_07.expected ] 
 [DateTime: Mon Jan 31 22:55:51 2022 ]  [Type: Info    ]  [Line: 73 ]  [Function: crawler ]  [Thread Id: 140203812841280 ]  [File: /home/behnam/Desktop/crawler/v1.0/fs_crawler_v1.0/functions.cpp ]  [MSG: File detected :legacy_test_integer_05.json ] 
 [DateTime: Mon Jan 31 22:55:51 2022 ]  [Type: Info    ]  [Line: 73 ]  [Function: crawler ]  [Thread Id: 140203812841280 ]  [File: /home/behnam/Desktop/crawler/v1.0/fs_crawler_v1.0/functions.cpp ]  [MSG: File detected :legacy_test_array_05.json ] 
 [DateTime: Mon Jan 31 22:55:51 2022 ]  [Type: Info    ]  [Line: 73 ]  [Function: crawler ]  [Thread Id: 140203812841280 ]  [File: /home/behnam/Desktop/crawler/v1.0/fs_crawler_v1.0/functions.cpp ]  [MSG: File detected :legacy_test_comment_01.json ] 
 [DateTime: Mon Jan 31 22:55:51 2022 ]  [Type: Info    ]  [Line: 73 ]  [Function: crawler ]  [Thread Id: 140203812841280 ]  [File: /home/behnam/Desktop/crawler/v1.0/fs_crawler_v1.0/functions.cpp ]  [MSG: File detected :legacy_test_string_02.expected ] 
 [DateTime: Mon Jan 31 22:55:51 2022 ]  [Type: Info    ]  [Line: 73 ]  [Function: crawler ]  [Thread Id: 140203812841280 ]  [File: /home/behnam/Desktop/crawler/v1.0/fs_crawler_v1.0/functions.cpp ]  [MSG: File detected :legacy_test_basic_09.json ] 
 [DateTime: Mon Jan 31 22:55:51 2022 ]  [Type: Info    ]  [Line: 73 ]  [Function: crawler ]  [Thread Id: 140203812841280 ]  [File: /home/behnam/Desktop/crawler/v1.0/fs_crawler_v1.0/functions.cpp ]  [MSG: File detected :legacy_test_real_10.json ] 
 [DateTime: Mon Jan 31 22:55:51 2022 ]  [Type: Info    ]  [Line: 73 ]  [Function: crawler ]  [Thread Id: 140203812841280 ]  [File: /home/behnam/Desktop/crawler/v1.0/fs_crawler_v1.0/functions.cpp ]  [MSG: File detected :legacy_test_string_unicode_02.json ] 
 [DateTime: Mon Jan 31 22:55:51 2022 ]  [Type: Info    ]  [Line: 73 ]  [Function: crawler ]  [Thread Id: 140203812841280 ]  [File: /home/behnam/Desktop/crawler/v1.0/fs_crawler_v1.0/functions.cpp ]  [MSG: File detected :legacy_test_array_01.json ] 
 [DateTime: Mon Jan 31 22:55:51 2022 ]  [Type: Info    ]  [Line: 73 ]  [Function: crawler ]  [Thread Id: 140203812841280 ]  [File: /home/behnam/Desktop/crawler/v1.0/fs_crawler_v1.0/functions.cpp ]  [MSG: File detected :legacy_test_real_06.json ] 
 [DateTime: Mon Jan 31 22:55:51 2022 ]  [Type: Info    ]  [Line: 73 ]  [Function: crawler ]  [Thread Id: 140203812841280 ]  [File: /home/behnam/Desktop/crawler/v1.0/fs_crawler_v1.0/functions.cpp ]  [MSG: File detected :legacy_test_real_07.expected ] 
 [DateTime: Mon Jan 31 22:55:51 2022 ]  [Type: Info    ]  [Line: 73 ]  [Function: crawler ]  [Thread Id: 140203812841280 ]  [File: /home/behnam/Desktop/crawler/v1.0/fs_crawler_v1.0/functions.cpp ]  [MSG: File detected :legacy_test_comment_00.expected ] 
 [DateTime: Mon Jan 31 22:55:51 2022 ]  [Type: Info    ]  [Line: 73 ]  [Function: crawler ]  [Thread Id: 140203812841280 ]  [File: /home/behnam/Desktop/crawler/v1.0/fs_crawler_v1.0/functions.cpp ]  [MSG: File detected :fail29.json ] 
 [DateTime: Mon Jan 31 22:55:51 2022 ]  [Type: Info    ]  [Line: 73 ]  [Function: crawler ]  [Thread Id: 140203812841280 ]  [File: /home/behnam/Desktop/crawler/v1.0/fs_crawler_v1.0/functions.cpp ]  [MSG: File detected :fail17.json ] 
 [DateTime: Mon Jan 31 22:55:51 2022 ]  [Type: Info    ]  [Line: 73 ]  [Function: crawler ]  [Thread Id: 140203812841280 ]  [File: /home/behnam/Desktop/crawler/v1.0/fs_crawler_v1.0/functions.cpp ]  [MSG: File detected :fail27.json ] 
 [DateTime: Mon Jan 31 22:55:51 2022 ]  [Type: Info    ]  [Line: 73 ]  [Function: crawler ]  [Thread Id: 140203812841280 ]  [File: /home/behnam/Desktop/crawler/v1.0/fs_crawler_v1.0/functions.cpp ]  [MSG: File detected :fail22.json ] 
 [DateTime: Mon Jan 31 22:55:51 2022 ]  [Type: Info    ]  [Line: 73 ]  [Function: crawler ]  [Thread Id: 140203812841280 ]  [File: /home/behnam/Desktop/crawler/v1.0/fs_crawler_v1.0/functions.cpp ]  [MSG: File detected :fail24.json ] 
 [DateTime: Mon Jan 31 22:55:51 2022 ]  [Type: Info    ]  [Line: 73 ]  [Function: crawler ]  [Thread Id: 140203812841280 ]  [File: /home/behnam/Desktop/crawler/v1.0/fs_crawler_v1.0/functions.cpp ]  [MSG: File detected :fail28.json ] 
 [DateTime: Mon Jan 31 22:55:51 2022 ]  [Type: Info    ]  [Line: 73 ]  [Function: crawler ]  [Thread Id: 140203812841280 ]  [File: /home/behnam/Desktop/crawler/v1.0/fs_crawler_v1.0/functions.cpp ]  [MSG: File detected :fail13.json ] 
 [DateTime: Mon Jan 31 22:55:51 2022 ]  [Type: Info    ]  [Line: 73 ]  [Function: crawler ]  [Thread Id: 140203812841280 ]  [File: /home/behnam/Desktop/crawler/v1.0/fs_crawler_v1.0/functions.cpp ]  [MSG: File detected :fail3.json ] 
 [DateTime: Mon Jan 31 22:55:51 2022 ]  [Type: Info    ]  [Line: 73 ]  [Function: crawler ]  [Thread Id: 140203812841280 ]  [File: /home/behnam/Desktop/crawler/v1.0/fs_crawler_v1.0/functions.cpp ]  [MSG: File detected :fail7.json ] 
 [DateTime: Mon Jan 31 22:55:51 2022 ]  [Type: Info    ]  [Line: 73 ]  [Function: crawler ]  [Thread Id: 140203812841280 ]  [File: /home/behnam/Desktop/crawler/v1.0/fs_crawler_v1.0/functions.cpp ]  [MSG: File detected :pass1.json ] 
 [DateTime: Mon Jan 31 22:55:51 2022 ]  [Type: Info    ]  [Line: 73 ]  [Function: crawler ]  [Thread Id: 140203812841280 ]  [File: /home/behnam/Desktop/crawler/v1.0/fs_crawler_v1.0/functions.cpp ]  [MSG: File detected :readme.txt ] 
 [DateTime: Mon Jan 31 22:55:51 2022 ]  [Type: Info    ]  [Line: 73 ]  [Function: crawler ]  [Thread Id: 140203812841280 ]  [File: /home/behnam/Desktop/crawler/v1.0/fs_crawler_v1.0/functions.cpp ]  [MSG: File detected :fail32.json ] 
 [DateTime: Mon Jan 31 22:55:51 2022 ]  [Type: Info    ]  [Line: 73 ]  [Function: crawler ]  [Thread Id: 140203812841280 ]  [File: /home/behnam/Desktop/crawler/v1.0/fs_crawler_v1.0/functions.cpp ]  [MSG: File detected :fail33.json ] 
 [DateTime: Mon Jan 31 22:55:51 2022 ]  [Type: Info    ]  [Line: 73 ]  [Function: crawler ]  [Thread Id: 140203812841280 ]  [File: /home/behnam/Desktop/crawler/v1.0/fs_crawler_v1.0/functions.cpp ]  [MSG: File detected :fail20.json ] 
 [DateTime: Mon Jan 31 22:55:51 2022 ]  [Type: Info    ]  [Line: 73 ]  [Function: crawler ]  [Thread Id: 140203812841280 ]  [File: /home/behnam/Desktop/crawler/v1.0/fs_crawler_v1.0/functions.cpp ]  [MSG: File detected :fail26.json ] 
 [DateTime: Mon Jan 31 22:55:51 2022 ]  [Type: Info    ]  [Line: 73 ]  [Function: crawler ]  [Thread Id: 140203812841280 ]  [File: /home/behnam/Desktop/crawler/v1.0/fs_crawler_v1.0/functions.cpp ]  [MSG: File detected :fail25.json ] 
 [DateTime: Mon Jan 31 22:55:51 2022 ]  [Type: Info    ]  [Line: 73 ]  [Function: crawler ]  [Thread Id: 140203812841280 ]  [File: /home/behnam/Desktop/crawler/v1.0/fs_crawler_v1.0/functions.cpp ]  [MSG: File detected :fail18.json ] 
 [DateTime: Mon Jan 31 22:55:51 2022 ]  [Type: Info    ]  [Line: 73 ]  [Function: crawler ]  [Thread Id: 140203812841280 ]  [File: /home/behnam/Desktop/crawler/v1.0/fs_crawler_v1.0/functions.cpp ]  [MSG: File detected :fail4.json ] 
 [DateTime: Mon Jan 31 22:55:51 2022 ]  [Type: Info    ]  [Line: 73 ]  [Function: crawler ]  [Thread Id: 140203812841280 ]  [File: /home/behnam/Desktop/crawler/v1.0/fs_crawler_v1.0/functions.cpp ]  [MSG: File detected :fail12.json ] 
 [DateTime: Mon Jan 31 22:55:51 2022 ]  [Type: Info    ]  [Line: 73 ]  [Function: crawler ]  [Thread Id: 140203812841280 ]  [File: /home/behnam/Desktop/crawler/v1.0/fs_crawler_v1.0/functions.cpp ]  [MSG: File detected :fail2.json ] 
 [DateTime: Mon Jan 31 22:55:51 2022 ]  [Type: Info    ]  [Line: 73 ]  [Function: crawler ]  [Thread Id: 140203812841280 ]  [File: /home/behnam/Desktop/crawler/v1.0/fs_crawler_v1.0/functions.cpp ]  [MSG: File detected :fail19.json ] 
 [DateTime: Mon Jan 31 22:55:51 2022 ]  [Type: Info    ]  [Line: 73 ]  [Function: crawler ]  [Thread Id: 140203812841280 ]  [File: /home/behnam/Desktop/crawler/v1.0/fs_crawler_v1.0/functions.cpp ]  [MSG: File detected :fail15.json ] 
 [DateTime: Mon Jan 31 22:55:51 2022 ]  [Type: Info    ]  [Line: 73 ]  [Function: crawler ]  [Thread Id: 140203812841280 ]  [File: /home/behnam/Desktop/crawler/v1.0/fs_crawler_v1.0/functions.cpp ]  [MSG: File detected :fail10.json ] 
 [DateTime: Mon Jan 31 22:55:51 2022 ]  [Type: Info    ]  [Line: 73 ]  [Function: crawler ]  [Thread Id: 140203812841280 ]  [File: /home/behnam/Desktop/crawler/v1.0/fs_crawler_v1.0/functions.cpp ]  [MSG: File detected :pass3.json ] 
 [DateTime: Mon Jan 31 22:55:51 2022 ]  [Type: Info    ]  [Line: 73 ]  [Function: crawler ]  [Thread Id: 140203812841280 ]  [File: /home/behnam/Desktop/crawler/v1.0/fs_crawler_v1.0/functions.cpp ]  [MSG: File detected :fail11.json ] 
 [DateTime: Mon Jan 31 22:55:51 2022 ]  [Type: Info    ]  [Line: 73 ]  [Function: crawler ]  [Thread Id: 140203812841280 ]  [File: /home/behnam/Desktop/crawler/v1.0/fs_crawler_v1.0/functions.cpp ]  [MSG: File detected :fail9.json ] 
 [DateTime: Mon Jan 31 22:55:51 2022 ]  [Type: Info    ]  [Line: 73 ]  [Function: crawler ]  [Thread Id: 140203812841280 ]  [File: /home/behnam/Desktop/crawler/v1.0/fs_crawler_v1.0/functions.cpp ]  [MSG: File detected :fail14.json ] 
 [DateTime: Mon Jan 31 22:55:51 2022 ]  [Type: Info    ]  [Line: 73 ]  [Function: crawler ]  [Thread Id: 140203812841280 ]  [File: /home/behnam/Desktop/crawler/v1.0/fs_crawler_v1.0/functions.cpp ]  [MSG: File detected :fail8.json ] 
 [DateTime: Mon Jan 31 22:55:51 2022 ]  [Type: Info    ]  [Line: 73 ]  [Function: crawler ]  [Thread Id: 140203812841280 ]  [File: /home/behnam/Desktop/crawler/v1.0/fs_crawler_v1.0/functions.cpp ]  [MSG: File detected :fail1.json ] 
 [DateTime: Mon Jan 31 22:55:51 2022 ]  [Type: Info    ]  [Line: 73 ]  [Function: crawler ]  [Thread Id: 140203812841280 ]  [File: /home/behnam/Desktop/crawler/v1.0/fs_crawler_v1.0/functions.cpp ]  [MSG: File detected :fail30.json ] 
 [DateTime: Mon Jan 31 22:55:51 2022 ]  [Type: Info    ]  [Line: 73 ]  [Function: crawler ]  [Thread Id: 140203812841280 ]  [File: /home/behnam/Desktop/crawler/v1.0/fs_crawler_v1.0/functions.cpp ]  [MSG: File detected :fail23.json ] 
 [DateTime: Mon Jan 31 22:55:51 2022 ]  [Type: Info    ]  [Line: 73 ]  [Function: crawler ]  [Thread Id: 140203812841280 ]  [File: /home/behnam/Desktop/crawler/v1.0/fs_crawler_v1.0/functions.cpp ]  [MSG: File detected :fail21.json ] 
 [DateTime: Mon Jan 31 22:55:51 2022 ]  [Type: Info    ]  [Line: 73 ]  [Function: crawler ]  [Thread Id: 140203812841280 ]  [File: /home/behnam/Desktop/crawler/v1.0/fs_crawler_v1.0/functions.cpp ]  [MSG: File detected :fail31.json ] 
 [DateTime: Mon Jan 31 22:55:51 2022 ]  [Type: Info    ]  [Line: 73 ]  [Function: crawler ]  [Thread Id: 140203812841280 ]  [File: /home/behnam/Desktop/crawler/v1.0/fs_crawler_v1.0/functions.cpp ]  [MSG: File detected :fail16.json ] 
 [DateTime: Mon Jan 31 22:55:51 2022 ]  [Type: Info    ]  [Line: 73 ]  [Function: crawler ]  [Thread Id: 140203812841280 ]  [File: /home/behnam/Desktop/crawler/v1.0/fs_crawler_v1.0/functions.cpp ]  [MSG: File detected :fail6.json ] 
 [DateTime: Mon Jan 31 22:55:51 2022 ]  [Type: Info    ]  [Line: 73 ]  [Function: crawler ]  [Thread Id: 140203812841280 ]  [File: /home/behnam/Desktop/crawler/v1.0/fs_crawler_v1.0/functions.cpp ]  [MSG: File detected :fail5.json ] 
 [DateTime: Mon Jan 31 22:55:51 2022 ]  [Type: Info    ]  [Line: 73 ]  [Function: crawler ]  [Thread Id: 140203812841280 ]  [File: /home/behnam/Desktop/crawler/v1.0/fs_crawler_v1.0/functions.cpp ]  [MSG: File detected :pass2.json ] 
 [DateTime: Mon Jan 31 22:55:51 2022 ]  [Type: Info    ]  [Line: 73 ]  [Function: crawler ]  [Thread Id: 140203812841280 ]  [File: /home/behnam/Desktop/crawler/v1.0/fs_crawler_v1.0/functions.cpp ]  [MSG: File detected :runjsontests.py ] 
 [DateTime: Mon Jan 31 22:55:51 2022 ]  [Type: Info    ]  [Line: 73 ]  [Function: crawler ]  [Thread Id: 140203812841280 ]  [File: /home/behnam/Desktop/crawler/v1.0/fs_crawler_v1.0/functions.cpp ]  [MSG: File detected :generate_expected.py ] 
 [DateTime: Mon Jan 31 22:55:51 2022 ]  [Type: Info    ]  [Line: 73 ]  [Function: crawler ]  [Thread Id: 140203812841280 ]  [File: /home/behnam/Desktop/crawler/v1.0/fs_crawler_v1.0/functions.cpp ]  [MSG: File detected :cleantests.py ] 
 [DateTime: Mon Jan 31 22:55:51 2022 ]  [Type: Info    ]  [Line: 73 ]  [Function: crawler ]  [Thread Id: 140203812841280 ]  [File: /home/behnam/Desktop/crawler/v1.0/fs_crawler_v1.0/functions.cpp ]  [MSG: File detected :rununittests.py ] 
 [DateTime: Mon Jan 31 22:55:51 2022 ]  [Type: Info    ]  [Line: 73 ]  [Function: crawler ]  [Thread Id: 140203812841280 ]  [File: /home/behnam/Desktop/crawler/v1.0/fs_crawler_v1.0/functions.cpp ]  [MSG: File detected :pyjsontestrunner.py ] 
 [DateTime: Mon Jan 31 22:55:51 2022 ]  [Type: Info    ]  [Line: 73 ]  [Function: crawler ]  [Thread Id: 140203812841280 ]  [File: /home/behnam/Desktop/crawler/v1.0/fs_crawler_v1.0/functions.cpp ]  [MSG: File detected :.clang-format ] 
 [DateTime: Mon Jan 31 22:55:51 2022 ]  [Type: Info    ]  [Line: 73 ]  [Function: crawler ]  [Thread Id: 140203812841280 ]  [File: /home/behnam/Desktop/crawler/v1.0/fs_crawler_v1.0/functions.cpp ]  [MSG: File detected :appveyor.yml ] 
 [DateTime: Mon Jan 31 22:55:51 2022 ]  [Type: Info    ]  [Line: 73 ]  [Function: crawler ]  [Thread Id: 140203812841280 ]  [File: /home/behnam/Desktop/crawler/v1.0/fs_crawler_v1.0/functions.cpp ]  [MSG: File detected :CMakeLists.txt ] 
 [DateTime: Mon Jan 31 22:55:51 2022 ]  [Type: Info    ]  [Line: 73 ]  [Function: crawler ]  [Thread Id: 140203812841280 ]  [File: /home/behnam/Desktop/crawler/v1.0/fs_crawler_v1.0/functions.cpp ]  [MSG: File detected :readFromString.cpp ] 
 [DateTime: Mon Jan 31 22:55:51 2022 ]  [Type: Info    ]  [Line: 73 ]  [Function: crawler ]  [Thread Id: 140203812841280 ]  [File: /home/behnam/Desktop/crawler/v1.0/fs_crawler_v1.0/functions.cpp ]  [MSG: File detected :withComment.json ] 
 [DateTime: Mon Jan 31 22:55:51 2022 ]  [Type: Info    ]  [Line: 73 ]  [Function: crawler ]  [Thread Id: 140203812841280 ]  [File: /home/behnam/Desktop/crawler/v1.0/fs_crawler_v1.0/functions.cpp ]  [MSG: File detected :errorFormat.json ] 
 [DateTime: Mon Jan 31 22:55:51 2022 ]  [Type: Info    ]  [Line: 73 ]  [Function: crawler ]  [Thread Id: 140203812841280 ]  [File: /home/behnam/Desktop/crawler/v1.0/fs_crawler_v1.0/functions.cpp ]  [MSG: File detected :readFromStream.cpp ] 
 [DateTime: Mon Jan 31 22:55:51 2022 ]  [Type: Info    ]  [Line: 73 ]  [Function: crawler ]  [Thread Id: 140203812841280 ]  [File: /home/behnam/Desktop/crawler/v1.0/fs_crawler_v1.0/functions.cpp ]  [MSG: File detected :streamWrite.cpp ] 
 [DateTime: Mon Jan 31 22:55:51 2022 ]  [Type: Info    ]  [Line: 73 ]  [Function: crawler ]  [Thread Id: 140203812841280 ]  [File: /home/behnam/Desktop/crawler/v1.0/fs_crawler_v1.0/functions.cpp ]  [MSG: File detected :README.md ] 
 [DateTime: Mon Jan 31 22:55:51 2022 ]  [Type: Info    ]  [Line: 73 ]  [Function: crawler ]  [Thread Id: 140203812841280 ]  [File: /home/behnam/Desktop/crawler/v1.0/fs_crawler_v1.0/functions.cpp ]  [MSG: File detected :stringWrite.cpp ] 
 [DateTime: Mon Jan 31 22:55:51 2022 ]  [Type: Info    ]  [Line: 73 ]  [Function: crawler ]  [Thread Id: 140203812841280 ]  [File: /home/behnam/Desktop/crawler/v1.0/fs_crawler_v1.0/functions.cpp ]  [MSG: File detected :AUTHORS ] 
 [DateTime: Mon Jan 31 22:55:51 2022 ]  [Type: Info    ]  [Line: 73 ]  [Function: crawler ]  [Thread Id: 140203812841280 ]  [File: /home/behnam/Desktop/crawler/v1.0/fs_crawler_v1.0/functions.cpp ]  [MSG: File detected :jsoncppConfig.cmake.in ] 
 [DateTime: Mon Jan 31 22:55:51 2022 ]  [Type: Info    ]  [Line: 73 ]  [Function: crawler ]  [Thread Id: 140203812841280 ]  [File: /home/behnam/Desktop/crawler/v1.0/fs_crawler_v1.0/functions.cpp ]  [MSG: File detected :reformat.sh ] 
 [DateTime: Mon Jan 31 22:55:51 2022 ]  [Type: Info    ]  [Line: 73 ]  [Function: crawler ]  [Thread Id: 140203812841280 ]  [File: /home/behnam/Desktop/crawler/v1.0/fs_crawler_v1.0/functions.cpp ]  [MSG: File detected :meson_builder.sh ] 
 [DateTime: Mon Jan 31 22:55:51 2022 ]  [Type: Info    ]  [Line: 73 ]  [Function: crawler ]  [Thread Id: 140203812841280 ]  [File: /home/behnam/Desktop/crawler/v1.0/fs_crawler_v1.0/functions.cpp ]  [MSG: File detected :run-clang-format.sh ] 
 [DateTime: Mon Jan 31 22:55:51 2022 ]  [Type: Info    ]  [Line: 73 ]  [Function: crawler ]  [Thread Id: 140203812841280 ]  [File: /home/behnam/Desktop/crawler/v1.0/fs_crawler_v1.0/functions.cpp ]  [MSG: File detected :travis.install.linux.sh ] 
 [DateTime: Mon Jan 31 22:55:51 2022 ]  [Type: Info    ]  [Line: 73 ]  [Function: crawler ]  [Thread Id: 140203812841280 ]  [File: /home/behnam/Desktop/crawler/v1.0/fs_crawler_v1.0/functions.cpp ]  [MSG: File detected :cmake_builder.sh ] 
 [DateTime: Mon Jan 31 22:55:51 2022 ]  [Type: Info    ]  [Line: 73 ]  [Function: crawler ]  [Thread Id: 140203812841280 ]  [File: /home/behnam/Desktop/crawler/v1.0/fs_crawler_v1.0/functions.cpp ]  [MSG: File detected :run-clang-format.py ] 
 [DateTime: Mon Jan 31 22:55:51 2022 ]  [Type: Info    ]  [Line: 73 ]  [Function: crawler ]  [Thread Id: 140203812841280 ]  [File: /home/behnam/Desktop/crawler/v1.0/fs_crawler_v1.0/functions.cpp ]  [MSG: File detected :travis.install.osx.sh ] 
 [DateTime: Mon Jan 31 22:55:51 2022 ]  [Type: Info    ]  [Line: 73 ]  [Function: crawler ]  [Thread Id: 140203812841280 ]  [File: /home/behnam/Desktop/crawler/v1.0/fs_crawler_v1.0/functions.cpp ]  [MSG: File detected :travis.before_install.linux.sh ] 
 [DateTime: Mon Jan 31 22:55:51 2022 ]  [Type: Info    ]  [Line: 73 ]  [Function: crawler ]  [Thread Id: 140203812841280 ]  [File: /home/behnam/Desktop/crawler/v1.0/fs_crawler_v1.0/functions.cpp ]  [MSG: File detected :travis.before_install.osx.sh ] 
 [DateTime: Mon Jan 31 22:55:51 2022 ]  [Type: Info    ]  [Line: 73 ]  [Function: crawler ]  [Thread Id: 140203812841280 ]  [File: /home/behnam/Desktop/crawler/v1.0/fs_crawler_v1.0/functions.cpp ]  [MSG: File detected :README.md ] 
 [DateTime: Mon Jan 31 22:55:51 2022 ]  [Type: Info    ]  [Line: 73 ]  [Function: crawler ]  [Thread Id: 140203812841280 ]  [File: /home/behnam/Desktop/crawler/v1.0/fs_crawler_v1.0/functions.cpp ]  [MSG: File detected :CMakeCache.txt ] 
 [DateTime: Mon Jan 31 22:55:51 2022 ]  [Type: Info    ]  [Line: 73 ]  [Function: crawler ]  [Thread Id: 140203812841280 ]  [File: /home/behnam/Desktop/crawler/v1.0/fs_crawler_v1.0/functions.cpp ]  [MSG: File detected :Makefile ] 
 [DateTime: Mon Jan 31 22:55:51 2022 ]  [Type: Info    ]  [Line: 73 ]  [Function: crawler ]  [Thread Id: 140203812841280 ]  [File: /home/behnam/Desktop/crawler/v1.0/fs_crawler_v1.0/functions.cpp ]  [MSG: File detected :CMakeDetermineCompilerABI_C.bin ] 
 [DateTime: Mon Jan 31 22:55:51 2022 ]  [Type: Info    ]  [Line: 73 ]  [Function: crawler ]  [Thread Id: 140203812841280 ]  [File: /home/behnam/Desktop/crawler/v1.0/fs_crawler_v1.0/functions.cpp ]  [MSG: File detected :CMakeCCompiler.cmake ] 
 [DateTime: Mon Jan 31 22:55:51 2022 ]  [Type: Info    ]  [Line: 73 ]  [Function: crawler ]  [Thread Id: 140203812841280 ]  [File: /home/behnam/Desktop/crawler/v1.0/fs_crawler_v1.0/functions.cpp ]  [MSG: File detected :CMakeDetermineCompilerABI_CXX.bin ] 
 [DateTime: Mon Jan 31 22:55:51 2022 ]  [Type: Info    ]  [Line: 73 ]  [Function: crawler ]  [Thread Id: 140203812841280 ]  [File: /home/behnam/Desktop/crawler/v1.0/fs_crawler_v1.0/functions.cpp ]  [MSG: File detected :CMakeSystem.cmake ] 
 [DateTime: Mon Jan 31 22:55:51 2022 ]  [Type: Info    ]  [Line: 73 ]  [Function: crawler ]  [Thread Id: 140203812841280 ]  [File: /home/behnam/Desktop/crawler/v1.0/fs_crawler_v1.0/functions.cpp ]  [MSG: File detected :CMakeCXXCompiler.cmake ] 
 [DateTime: Mon Jan 31 22:55:51 2022 ]  [Type: Info    ]  [Line: 73 ]  [Function: crawler ]  [Thread Id: 140203812841280 ]  [File: /home/behnam/Desktop/crawler/v1.0/fs_crawler_v1.0/functions.cpp ]  [MSG: File detected :a.out ] 
 [DateTime: Mon Jan 31 22:55:51 2022 ]  [Type: Info    ]  [Line: 73 ]  [Function: crawler ]  [Thread Id: 140203812841280 ]  [File: /home/behnam/Desktop/crawler/v1.0/fs_crawler_v1.0/functions.cpp ]  [MSG: File detected :CMakeCXXCompilerId.cpp ] 
 [DateTime: Mon Jan 31 22:55:51 2022 ]  [Type: Info    ]  [Line: 73 ]  [Function: crawler ]  [Thread Id: 140203812841280 ]  [File: /home/behnam/Desktop/crawler/v1.0/fs_crawler_v1.0/functions.cpp ]  [MSG: File detected :CMakeCCompilerId.c ] 
 [DateTime: Mon Jan 31 22:55:51 2022 ]  [Type: Info    ]  [Line: 73 ]  [Function: crawler ]  [Thread Id: 140203812841280 ]  [File: /home/behnam/Desktop/crawler/v1.0/fs_crawler_v1.0/functions.cpp ]  [MSG: File detected :a.out ] 
 [DateTime: Mon Jan 31 22:55:51 2022 ]  [Type: Info    ]  [Line: 73 ]  [Function: crawler ]  [Thread Id: 140203812841280 ]  [File: /home/behnam/Desktop/crawler/v1.0/fs_crawler_v1.0/functions.cpp ]  [MSG: File detected :TargetDirectories.txt ] 
 [DateTime: Mon Jan 31 22:55:51 2022 ]  [Type: Info    ]  [Line: 73 ]  [Function: crawler ]  [Thread Id: 140203812841280 ]  [File: /home/behnam/Desktop/crawler/v1.0/fs_crawler_v1.0/functions.cpp ]  [MSG: File detected :Makefile2 ] 
 [DateTime: Mon Jan 31 22:55:51 2022 ]  [Type: Info    ]  [Line: 73 ]  [Function: crawler ]  [Thread Id: 140203812841280 ]  [File: /home/behnam/Desktop/crawler/v1.0/fs_crawler_v1.0/functions.cpp ]  [MSG: File detected :CMakeOutput.log ] 
 [DateTime: Mon Jan 31 22:55:51 2022 ]  [Type: Info    ]  [Line: 73 ]  [Function: crawler ]  [Thread Id: 140203812841280 ]  [File: /home/behnam/Desktop/crawler/v1.0/fs_crawler_v1.0/functions.cpp ]  [MSG: File detected :progress.marks ] 
 [DateTime: Mon Jan 31 22:55:51 2022 ]  [Type: Info    ]  [Line: 73 ]  [Function: crawler ]  [Thread Id: 140203812841280 ]  [File: /home/behnam/Desktop/crawler/v1.0/fs_crawler_v1.0/functions.cpp ]  [MSG: File detected :cmake_clean.cmake ] 
 [DateTime: Mon Jan 31 22:55:51 2022 ]  [Type: Info    ]  [Line: 73 ]  [Function: crawler ]  [Thread Id: 140203812841280 ]  [File: /home/behnam/Desktop/crawler/v1.0/fs_crawler_v1.0/functions.cpp ]  [MSG: File detected :build.make ] 
 [DateTime: Mon Jan 31 22:55:51 2022 ]  [Type: Info    ]  [Line: 73 ]  [Function: crawler ]  [Thread Id: 140203812841280 ]  [File: /home/behnam/Desktop/crawler/v1.0/fs_crawler_v1.0/functions.cpp ]  [MSG: File detected :flags.make ] 
 [DateTime: Mon Jan 31 22:55:51 2022 ]  [Type: Info    ]  [Line: 73 ]  [Function: crawler ]  [Thread Id: 140203812841280 ]  [File: /home/behnam/Desktop/crawler/v1.0/fs_crawler_v1.0/functions.cpp ]  [MSG: File detected :progress.make ] 
 [DateTime: Mon Jan 31 22:55:51 2022 ]  [Type: Info    ]  [Line: 73 ]  [Function: crawler ]  [Thread Id: 140203812841280 ]  [File: /home/behnam/Desktop/crawler/v1.0/fs_crawler_v1.0/functions.cpp ]  [MSG: File detected :depend.make ] 
 [DateTime: Mon Jan 31 22:55:51 2022 ]  [Type: Info    ]  [Line: 73 ]  [Function: crawler ]  [Thread Id: 140203812841280 ]  [File: /home/behnam/Desktop/crawler/v1.0/fs_crawler_v1.0/functions.cpp ]  [MSG: File detected :DependInfo.cmake ] 
 [DateTime: Mon Jan 31 22:55:51 2022 ]  [Type: Info    ]  [Line: 73 ]  [Function: crawler ]  [Thread Id: 140203812841280 ]  [File: /home/behnam/Desktop/crawler/v1.0/fs_crawler_v1.0/functions.cpp ]  [MSG: File detected :link.txt ] 
 [DateTime: Mon Jan 31 22:55:51 2022 ]  [Type: Info    ]  [Line: 73 ]  [Function: crawler ]  [Thread Id: 140203812841280 ]  [File: /home/behnam/Desktop/crawler/v1.0/fs_crawler_v1.0/functions.cpp ]  [MSG: File detected :CMakeError.log ] 
 [DateTime: Mon Jan 31 22:55:51 2022 ]  [Type: Info    ]  [Line: 73 ]  [Function: crawler ]  [Thread Id: 140203812841280 ]  [File: /home/behnam/Desktop/crawler/v1.0/fs_crawler_v1.0/functions.cpp ]  [MSG: File detected :Makefile.cmake ] 
 [DateTime: Mon Jan 31 22:55:51 2022 ]  [Type: Info    ]  [Line: 73 ]  [Function: crawler ]  [Thread Id: 140203812841280 ]  [File: /home/behnam/Desktop/crawler/v1.0/fs_crawler_v1.0/functions.cpp ]  [MSG: File detected :CMakeDirectoryInformation.cmake ] 
 [DateTime: Mon Jan 31 22:55:51 2022 ]  [Type: Info    ]  [Line: 73 ]  [Function: crawler ]  [Thread Id: 140203812841280 ]  [File: /home/behnam/Desktop/crawler/v1.0/fs_crawler_v1.0/functions.cpp ]  [MSG: File detected :cmake.check_cache ] 
 [DateTime: Mon Jan 31 22:55:51 2022 ]  [Type: Info    ]  [Line: 73 ]  [Function: crawler ]  [Thread Id: 140203812841280 ]  [File: /home/behnam/Desktop/crawler/v1.0/fs_crawler_v1.0/functions.cpp ]  [MSG: File detected :cmake_install.cmake ] 
 [DateTime: Mon Jan 31 22:55:51 2022 ]  [Type: Info    ]  [Line: 73 ]  [Function: crawler ]  [Thread Id: 140203812841280 ]  [File: /home/behnam/Desktop/crawler/v1.0/fs_crawler_v1.0/functions.cpp ]  [MSG: File detected :neo4j-desktop-1.4.12-x86_64.AppImage ] 
 [DateTime: Mon Jan 31 22:55:51 2022 ]  [Type: Info    ]  [Line: 73 ]  [Function: crawler ]  [Thread Id: 140203812841280 ]  [File: /home/behnam/Desktop/crawler/v1.0/fs_crawler_v1.0/functions.cpp ]  [MSG: File detected :write string to .txt file c++ Code Example.html ] 
 [DateTime: Mon Jan 31 22:55:51 2022 ]  [Type: Info    ]  [Line: 73 ]  [Function: crawler ]  [Thread Id: 140203812841280 ]  [File: /home/behnam/Desktop/crawler/v1.0/fs_crawler_v1.0/functions.cpp ]  [MSG: File detected :breast-cancer.data ] 
 [DateTime: Mon Jan 31 22:55:51 2022 ]  [Type: Info    ]  [Line: 73 ]  [Function: crawler ]  [Thread Id: 140203812841280 ]  [File: /home/behnam/Desktop/crawler/v1.0/fs_crawler_v1.0/functions.cpp ]  [MSG: File detected :[Solved] C++ boost__filesystem__recursive_directory_iterator with filter - Code Redirect.html ] 
 [DateTime: Mon Jan 31 22:55:51 2022 ]  [Type: Info    ]  [Line: 73 ]  [Function: crawler ]  [Thread Id: 140203812841280 ]  [File: /home/behnam/Desktop/crawler/v1.0/fs_crawler_v1.0/functions.cpp ]  [MSG: File detected :FLogProject-master.zip ] 
 [DateTime: Mon Jan 31 22:55:51 2022 ]  [Type: Info    ]  [Line: 73 ]  [Function: crawler ]  [Thread Id: 140203812841280 ]  [File: /home/behnam/Desktop/crawler/v1.0/fs_crawler_v1.0/functions.cpp ]  [MSG: File detected :Reading and writing JSON in C++ _ JavaScript JSON Cookbook.html ] 
 [DateTime: Mon Jan 31 22:55:51 2022 ]  [Type: Info    ]  [Line: 73 ]  [Function: crawler ]  [Thread Id: 140203812841280 ]  [File: /home/behnam/Desktop/crawler/v1.0/fs_crawler_v1.0/functions.cpp ]  [MSG: File detected :jre-8u311-linux-x64.tar.gz ] 
 [DateTime: Mon Jan 31 22:55:51 2022 ]  [Type: Info    ]  [Line: 73 ]  [Function: crawler ]  [Thread Id: 140203812841280 ]  [File: /home/behnam/Desktop/crawler/v1.0/fs_crawler_v1.0/functions.cpp ]  [MSG: File detected :gene_attribute_matrix.txt.gz ] 
 [DateTime: Mon Jan 31 22:55:51 2022 ]  [Type: Info    ]  [Line: 73 ]  [Function: crawler ]  [Thread Id: 140203812841280 ]  [File: /home/behnam/Desktop/crawler/v1.0/fs_crawler_v1.0/functions.cpp ]  [MSG: File detected :Australian-HIV-Public-Access-Dataset-2019.xlsx ] 
 [DateTime: Mon Jan 31 22:55:51 2022 ]  [Type: Info    ]  [Line: 73 ]  [Function: crawler ]  [Thread Id: 140203812841280 ]  [File: /home/behnam/Desktop/crawler/v1.0/fs_crawler_v1.0/functions.cpp ]  [MSG: File detected :FLog.cpp ] 
 [DateTime: Mon Jan 31 22:55:51 2022 ]  [Type: Info    ]  [Line: 73 ]  [Function: crawler ]  [Thread Id: 140203812841280 ]  [File: /home/behnam/Desktop/crawler/v1.0/fs_crawler_v1.0/functions.cpp ]  [MSG: File detected :CMakeLists.txt ] 
 [DateTime: Mon Jan 31 22:55:51 2022 ]  [Type: Info    ]  [Line: 73 ]  [Function: crawler ]  [Thread Id: 140203812841280 ]  [File: /home/behnam/Desktop/crawler/v1.0/fs_crawler_v1.0/functions.cpp ]  [MSG: File detected :main.cpp ] 
 [DateTime: Mon Jan 31 22:55:51 2022 ]  [Type: Info    ]  [Line: 73 ]  [Function: crawler ]  [Thread Id: 140203812841280 ]  [File: /home/behnam/Desktop/crawler/v1.0/fs_crawler_v1.0/functions.cpp ]  [MSG: File detected :LICENSE ] 
 [DateTime: Mon Jan 31 22:55:51 2022 ]  [Type: Info    ]  [Line: 73 ]  [Function: crawler ]  [Thread Id: 140203812841280 ]  [File: /home/behnam/Desktop/crawler/v1.0/fs_crawler_v1.0/functions.cpp ]  [MSG: File detected :.gitignore ] 
 [DateTime: Mon Jan 31 22:55:51 2022 ]  [Type: Info    ]  [Line: 73 ]  [Function: crawler ]  [Thread Id: 140203812841280 ]  [File: /home/behnam/Desktop/crawler/v1.0/fs_crawler_v1.0/functions.cpp ]  [MSG: File detected :FLog.h ] 
 [DateTime: Mon Jan 31 22:55:51 2022 ]  [Type: Info    ]  [Line: 73 ]  [Function: crawler ]  [Thread Id: 140203812841280 ]  [File: /home/behnam/Desktop/crawler/v1.0/fs_crawler_v1.0/functions.cpp ]  [MSG: File detected :Usage.png ] 
 [DateTime: Mon Jan 31 22:55:51 2022 ]  [Type: Info    ]  [Line: 73 ]  [Function: crawler ]  [Thread Id: 140203812841280 ]  [File: /home/behnam/Desktop/crawler/v1.0/fs_crawler_v1.0/functions.cpp ]  [MSG: File detected :README.md ] 
